CPU Reset (CPU 0)
EAX=00000000 EBX=00000000 ECX=00000000 EDX=00000000
ESI=00000000 EDI=00000000 EBP=00000000 ESP=00000000
EIP=00000000 EFL=00000000 [-------] CPL=0 II=0 A20=0 SMM=0 HLT=0
ES =0000 00000000 00000000 00000000
CS =0000 00000000 00000000 00000000
SS =0000 00000000 00000000 00000000
DS =0000 00000000 00000000 00000000
FS =0000 00000000 00000000 00000000
GS =0000 00000000 00000000 00000000
LDT=0000 00000000 00000000 00000000
TR =0000 00000000 00000000 00000000
GDT=     00000000 00000000
IDT=     00000000 00000000
CR0=00000000 CR2=00000000 CR3=00000000 CR4=00000000
DR0=00000000 DR1=00000000 DR2=00000000 DR3=00000000 
DR6=00000000 DR7=00000000
CCS=00000000 CCD=00000000 CCO=DYNAMIC
EFER=0000000000000000
FCW=0000 FSW=0000 [ST=0] FTW=ff MXCSR=00000000
FPR0=0000000000000000 0000 FPR1=0000000000000000 0000
FPR2=0000000000000000 0000 FPR3=0000000000000000 0000
FPR4=0000000000000000 0000 FPR5=0000000000000000 0000
FPR6=0000000000000000 0000 FPR7=0000000000000000 0000
XMM00=0000000000000000 0000000000000000 XMM01=0000000000000000 0000000000000000
XMM02=0000000000000000 0000000000000000 XMM03=0000000000000000 0000000000000000
XMM04=0000000000000000 0000000000000000 XMM05=0000000000000000 0000000000000000
XMM06=0000000000000000 0000000000000000 XMM07=0000000000000000 0000000000000000
CPU Reset (CPU 0)
EAX=00000000 EBX=00000000 ECX=00000000 EDX=00000663
ESI=00000000 EDI=00000000 EBP=00000000 ESP=00000000
EIP=0000fff0 EFL=00000002 [-------] CPL=0 II=0 A20=1 SMM=0 HLT=0
ES =0000 00000000 0000ffff 00009300
CS =f000 ffff0000 0000ffff 00009b00
SS =0000 00000000 0000ffff 00009300
DS =0000 00000000 0000ffff 00009300
FS =0000 00000000 0000ffff 00009300
GS =0000 00000000 0000ffff 00009300
LDT=0000 00000000 0000ffff 00008200
TR =0000 00000000 0000ffff 00008b00
GDT=     00000000 0000ffff
IDT=     00000000 0000ffff
CR0=60000010 CR2=00000000 CR3=00000000 CR4=00000000
DR0=00000000 DR1=00000000 DR2=00000000 DR3=00000000 
DR6=ffff0ff0 DR7=00000400
CCS=00000000 CCD=00000000 CCO=DYNAMIC
EFER=0000000000000000
FCW=037f FSW=0000 [ST=0] FTW=00 MXCSR=00001f80
FPR0=0000000000000000 0000 FPR1=0000000000000000 0000
FPR2=0000000000000000 0000 FPR3=0000000000000000 0000
FPR4=0000000000000000 0000 FPR5=0000000000000000 0000
FPR6=0000000000000000 0000 FPR7=0000000000000000 0000
XMM00=0000000000000000 0000000000000000 XMM01=0000000000000000 0000000000000000
XMM02=0000000000000000 0000000000000000 XMM03=0000000000000000 0000000000000000
XMM04=0000000000000000 0000000000000000 XMM05=0000000000000000 0000000000000000
XMM06=0000000000000000 0000000000000000 XMM07=0000000000000000 0000000000000000
SMM: enter
EAX=00000000 EBX=00000000 ECX=02000000 EDX=02000628
ESI=0000000b EDI=02000000 EBP=00014e40 ESP=00006c5c
EIP=000ea61d EFL=00000046 [---Z-P-] CPL=0 II=0 A20=1 SMM=0 HLT=0
ES =0010 00000000 ffffffff 00cf9300 DPL=0 DS   [-WA]
CS =0008 00000000 ffffffff 00cf9b00 DPL=0 CS32 [-RA]
SS =0010 00000000 ffffffff 00cf9300 DPL=0 DS   [-WA]
DS =0010 00000000 ffffffff 00cf9300 DPL=0 DS   [-WA]
FS =0010 00000000 ffffffff 00cf9300 DPL=0 DS   [-WA]
GS =0010 00000000 ffffffff 00cf9300 DPL=0 DS   [-WA]
LDT=0000 00000000 0000ffff 00008200 DPL=0 LDT
TR =0000 00000000 0000ffff 00008b00 DPL=0 TSS32-busy
GDT=     000f61e0 00000037
IDT=     000f621e 00000000
CR0=00000011 CR2=00000000 CR3=00000000 CR4=00000000
DR0=00000000 DR1=00000000 DR2=00000000 DR3=00000000 
DR6=ffff0ff0 DR7=00000400
CCS=00000000 CCD=ffffffff CCO=CLR
EFER=0000000000000000
SMM: after RSM
EAX=00000000 EBX=00000000 ECX=02000000 EDX=02000628
ESI=0000000b EDI=02000000 EBP=00014e40 ESP=00006c5c
EIP=000ea61d EFL=00000046 [---Z-P-] CPL=0 II=0 A20=1 SMM=0 HLT=0
ES =0010 00000000 ffffffff 00c09300 DPL=0 DS   [-WA]
CS =0008 00000000 ffffffff 00c09b00 DPL=0 CS32 [-RA]
SS =0010 00000000 ffffffff 00c09300 DPL=0 DS   [-WA]
DS =0010 00000000 ffffffff 00c09300 DPL=0 DS   [-WA]
FS =0010 00000000 ffffffff 00c09300 DPL=0 DS   [-WA]
GS =0010 00000000 ffffffff 00c09300 DPL=0 DS   [-WA]
LDT=0000 00000000 0000ffff 00008200 DPL=0 LDT
TR =0000 00000000 0000ffff 00008b00 DPL=0 TSS32-busy
GDT=     000f61e0 00000037
IDT=     000f621e 00000000
CR0=00000011 CR2=00000000 CR3=00000000 CR4=00000000
DR0=00000000 DR1=00000000 DR2=00000000 DR3=00000000 
DR6=ffff0ff0 DR7=00000400
CCS=00000044 CCD=00000000 CCO=EFLAGS
EFER=0000000000000000
Servicing hardware INT=0x08
SMM: enter
EAX=000000b5 EBX=000f7e0e ECX=00001234 EDX=00006cff
ESI=00006cb4 EDI=06ffec55 EBP=00006c74 ESP=00006c74
EIP=00007e0b EFL=00000006 [-----P-] CPL=0 II=0 A20=1 SMM=0 HLT=0
ES =d900 000d9000 ffffffff 008f9300
CS =f000 000f0000 ffffffff 008f9b00
SS =0000 00000000 ffffffff 008f9300
DS =0000 00000000 ffffffff 008f9300
FS =0000 00000000 ffffffff 008f9300
GS =0000 00000000 ffffffff 008f9300
LDT=0000 00000000 0000ffff 00008200
TR =0000 00000000 0000ffff 00008b00
GDT=     00000000 00000000
IDT=     00000000 000003ff
CR0=00000010 CR2=00000000 CR3=00000000 CR4=00000000
DR0=00000000 DR1=00000000 DR2=00000000 DR3=00000000 
DR6=ffff0ff0 DR7=00000400
CCS=00000000 CCD=00006c74 CCO=ADDL
EFER=0000000000000000
SMM: after RSM
EAX=000000b5 EBX=000f7e0e ECX=00001234 EDX=00006cff
ESI=00006cb4 EDI=06ffec55 EBP=00006c74 ESP=00006c74
EIP=000f7e0e EFL=00000046 [---Z-P-] CPL=0 II=0 A20=1 SMM=0 HLT=0
ES =0010 00000000 ffffffff 00c09300 DPL=0 DS   [-WA]
CS =0008 00000000 ffffffff 00c09b00 DPL=0 CS32 [-RA]
SS =0010 00000000 ffffffff 00c09300 DPL=0 DS   [-WA]
DS =0010 00000000 ffffffff 00c09300 DPL=0 DS   [-WA]
FS =0010 00000000 ffffffff 00c09300 DPL=0 DS   [-WA]
GS =0010 00000000 ffffffff 00c09300 DPL=0 DS   [-WA]
LDT=0000 00000000 0000ffff 00008200 DPL=0 LDT
TR =0000 00000000 0000ffff 00008b00 DPL=0 TSS32-busy
GDT=     000f61e0 00000037
IDT=     000f621e 00000000
CR0=00000011 CR2=00000000 CR3=00000000 CR4=00000000
DR0=00000000 DR1=00000000 DR2=00000000 DR3=00000000 
DR6=ffff0ff0 DR7=00000400
CCS=00000044 CCD=00000000 CCO=EFLAGS
EFER=0000000000000000
SMM: enter
EAX=000000b5 EBX=00007e28 ECX=00005678 EDX=06fe8ba0
ESI=000e8380 EDI=06ffec55 EBP=00006c74 ESP=00006c74
EIP=000f7e25 EFL=00000016 [----AP-] CPL=0 II=0 A20=1 SMM=0 HLT=0
ES =0010 00000000 ffffffff 00c09300 DPL=0 DS   [-WA]
CS =0008 00000000 ffffffff 00c09b00 DPL=0 CS32 [-RA]
SS =0010 00000000 ffffffff 00c09300 DPL=0 DS   [-WA]
DS =0010 00000000 ffffffff 00c09300 DPL=0 DS   [-WA]
FS =0010 00000000 ffffffff 00c09300 DPL=0 DS   [-WA]
GS =0010 00000000 ffffffff 00c09300 DPL=0 DS   [-WA]
LDT=0000 00000000 0000ffff 00008200 DPL=0 LDT
TR =0000 00000000 0000ffff 00008b00 DPL=0 TSS32-busy
GDT=     000f61e0 00000037
IDT=     000f621e 00000000
CR0=00000011 CR2=00000000 CR3=00000000 CR4=00000000
DR0=00000000 DR1=00000000 DR2=00000000 DR3=00000000 
DR6=ffff0ff0 DR7=00000400
CCS=00000008 CCD=00006c60 CCO=ADDL
EFER=0000000000000000
SMM: after RSM
EAX=000000b5 EBX=00007e28 ECX=00005678 EDX=06fe8ba0
ESI=000e8380 EDI=06ffec55 EBP=00006c74 ESP=00006c74
EIP=00007e28 EFL=00000006 [-----P-] CPL=0 II=0 A20=1 SMM=0 HLT=0
ES =d900 000d9000 ffffffff 00809300
CS =f000 000f0000 ffffffff 00809b00
SS =0000 00000000 ffffffff 00809300
DS =0000 00000000 ffffffff 00809300
FS =0000 00000000 ffffffff 00809300
GS =0000 00000000 ffffffff 00809300
LDT=0000 00000000 0000ffff 00008200
TR =0000 00000000 0000ffff 00008b00
GDT=     00000000 00000000
IDT=     00000000 000003ff
CR0=00000010 CR2=00000000 CR3=00000000 CR4=00000000
DR0=00000000 DR1=00000000 DR2=00000000 DR3=00000000 
DR6=ffff0ff0 DR7=00000400
CCS=00000004 CCD=00000001 CCO=EFLAGS
EFER=0000000000000000
SMM: enter
EAX=000000b5 EBX=000f7e0e ECX=00001234 EDX=000069ff
ESI=00006996 EDI=06ffec55 EBP=00006956 ESP=00006956
EIP=00007e0b EFL=00000006 [-----P-] CPL=0 II=0 A20=1 SMM=0 HLT=0
ES =d900 000d9000 ffffffff 008f9300
CS =f000 000f0000 ffffffff 008f9b00
SS =0000 00000000 ffffffff 008f9300
DS =0000 00000000 ffffffff 008f9300
FS =0000 00000000 ffffffff 008f9300
GS =ca00 000ca000 ffffffff 008f9300
LDT=0000 00000000 0000ffff 00008200
TR =0000 00000000 0000ffff 00008b00
GDT=     00000000 00000000
IDT=     00000000 000003ff
CR0=00000010 CR2=00000000 CR3=00000000 CR4=00000000
DR0=00000000 DR1=00000000 DR2=00000000 DR3=00000000 
DR6=ffff0ff0 DR7=00000400
CCS=00000000 CCD=00006956 CCO=ADDL
EFER=0000000000000000
SMM: after RSM
EAX=000000b5 EBX=000f7e0e ECX=00001234 EDX=000069ff
ESI=00006996 EDI=06ffec55 EBP=00006956 ESP=00006956
EIP=000f7e0e EFL=00000046 [---Z-P-] CPL=0 II=0 A20=1 SMM=0 HLT=0
ES =0010 00000000 ffffffff 00c09300 DPL=0 DS   [-WA]
CS =0008 00000000 ffffffff 00c09b00 DPL=0 CS32 [-RA]
SS =0010 00000000 ffffffff 00c09300 DPL=0 DS   [-WA]
DS =0010 00000000 ffffffff 00c09300 DPL=0 DS   [-WA]
FS =0010 00000000 ffffffff 00c09300 DPL=0 DS   [-WA]
GS =0010 00000000 ffffffff 00c09300 DPL=0 DS   [-WA]
LDT=0000 00000000 0000ffff 00008200 DPL=0 LDT
TR =0000 00000000 0000ffff 00008b00 DPL=0 TSS32-busy
GDT=     000f61e0 00000037
IDT=     000f621e 00000000
CR0=00000011 CR2=00000000 CR3=00000000 CR4=00000000
DR0=00000000 DR1=00000000 DR2=00000000 DR3=00000000 
DR6=ffff0ff0 DR7=00000400
CCS=00000044 CCD=00000000 CCO=EFLAGS
EFER=0000000000000000
SMM: enter
EAX=000000b5 EBX=00007e28 ECX=00005678 EDX=00000005
ESI=00000000 EDI=06ffec55 EBP=00006956 ESP=00006956
EIP=000f7e25 EFL=00000016 [----AP-] CPL=0 II=0 A20=1 SMM=0 HLT=0
ES =0010 00000000 ffffffff 00c09300 DPL=0 DS   [-WA]
CS =0008 00000000 ffffffff 00c09b00 DPL=0 CS32 [-RA]
SS =0010 00000000 ffffffff 00c09300 DPL=0 DS   [-WA]
DS =0010 00000000 ffffffff 00c09300 DPL=0 DS   [-WA]
FS =0010 00000000 ffffffff 00c09300 DPL=0 DS   [-WA]
GS =0010 00000000 ffffffff 00c09300 DPL=0 DS   [-WA]
LDT=0000 00000000 0000ffff 00008200 DPL=0 LDT
TR =0000 00000000 0000ffff 00008b00 DPL=0 TSS32-busy
GDT=     000f61e0 00000037
IDT=     000f621e 00000000
CR0=00000011 CR2=00000000 CR3=00000000 CR4=00000000
DR0=00000000 DR1=00000000 DR2=00000000 DR3=00000000 
DR6=ffff0ff0 DR7=00000400
CCS=00000008 CCD=00006942 CCO=ADDL
EFER=0000000000000000
SMM: after RSM
EAX=000000b5 EBX=00007e28 ECX=00005678 EDX=00000005
ESI=00000000 EDI=06ffec55 EBP=00006956 ESP=00006956
EIP=00007e28 EFL=00000006 [-----P-] CPL=0 II=0 A20=1 SMM=0 HLT=0
ES =d900 000d9000 ffffffff 00809300
CS =f000 000f0000 ffffffff 00809b00
SS =0000 00000000 ffffffff 00809300
DS =0000 00000000 ffffffff 00809300
FS =0000 00000000 ffffffff 00809300
GS =ca00 000ca000 ffffffff 00809300
LDT=0000 00000000 0000ffff 00008200
TR =0000 00000000 0000ffff 00008b00
GDT=     00000000 00000000
IDT=     00000000 000003ff
CR0=00000010 CR2=00000000 CR3=00000000 CR4=00000000
DR0=00000000 DR1=00000000 DR2=00000000 DR3=00000000 
DR6=ffff0ff0 DR7=00000400
CCS=00000004 CCD=00000001 CCO=EFLAGS
EFER=0000000000000000
SMM: enter
EAX=000000b5 EBX=000f7e0e ECX=00001234 EDX=000069ff
ESI=00006990 EDI=06ffec55 EBP=00006950 ESP=00006950
EIP=00007e0b EFL=00000006 [-----P-] CPL=0 II=0 A20=1 SMM=0 HLT=0
ES =d900 000d9000 ffffffff 00809300
CS =f000 000f0000 ffffffff 00809b00
SS =0000 00000000 ffffffff 00809300
DS =0000 00000000 ffffffff 00809300
FS =0000 00000000 ffffffff 00809300
GS =ca00 000ca000 ffffffff 00809300
LDT=0000 00000000 0000ffff 00008200
TR =0000 00000000 0000ffff 00008b00
GDT=     00000000 00000000
IDT=     00000000 000003ff
CR0=00000010 CR2=00000000 CR3=00000000 CR4=00000000
DR0=00000000 DR1=00000000 DR2=00000000 DR3=00000000 
DR6=ffff0ff0 DR7=00000400
CCS=00000000 CCD=00006950 CCO=ADDL
EFER=0000000000000000
SMM: after RSM
EAX=000000b5 EBX=000f7e0e ECX=00001234 EDX=000069ff
ESI=00006990 EDI=06ffec55 EBP=00006950 ESP=00006950
EIP=000f7e0e EFL=00000046 [---Z-P-] CPL=0 II=0 A20=1 SMM=0 HLT=0
ES =0010 00000000 ffffffff 00c09300 DPL=0 DS   [-WA]
CS =0008 00000000 ffffffff 00c09b00 DPL=0 CS32 [-RA]
SS =0010 00000000 ffffffff 00c09300 DPL=0 DS   [-WA]
DS =0010 00000000 ffffffff 00c09300 DPL=0 DS   [-WA]
FS =0010 00000000 ffffffff 00c09300 DPL=0 DS   [-WA]
GS =0010 00000000 ffffffff 00c09300 DPL=0 DS   [-WA]
LDT=0000 00000000 0000ffff 00008200 DPL=0 LDT
TR =0000 00000000 0000ffff 00008b00 DPL=0 TSS32-busy
GDT=     000f61e0 00000037
IDT=     000f621e 00000000
CR0=00000011 CR2=00000000 CR3=00000000 CR4=00000000
DR0=00000000 DR1=00000000 DR2=00000000 DR3=00000000 
DR6=ffff0ff0 DR7=00000400
CCS=00000044 CCD=00000000 CCO=EFLAGS
EFER=0000000000000000
SMM: enter
EAX=000000b5 EBX=00007e28 ECX=00005678 EDX=00000003
ESI=06fcb050 EDI=06ffec55 EBP=00006950 ESP=00006950
EIP=000f7e25 EFL=00000006 [-----P-] CPL=0 II=0 A20=1 SMM=0 HLT=0
ES =0010 00000000 ffffffff 00c09300 DPL=0 DS   [-WA]
CS =0008 00000000 ffffffff 00c09b00 DPL=0 CS32 [-RA]
SS =0010 00000000 ffffffff 00c09300 DPL=0 DS   [-WA]
DS =0010 00000000 ffffffff 00c09300 DPL=0 DS   [-WA]
FS =0010 00000000 ffffffff 00c09300 DPL=0 DS   [-WA]
GS =0010 00000000 ffffffff 00c09300 DPL=0 DS   [-WA]
LDT=0000 00000000 0000ffff 00008200 DPL=0 LDT
TR =0000 00000000 0000ffff 00008b00 DPL=0 TSS32-busy
GDT=     000f61e0 00000037
IDT=     000f621e 00000000
CR0=00000011 CR2=00000000 CR3=00000000 CR4=00000000
DR0=00000000 DR1=00000000 DR2=00000000 DR3=00000000 
DR6=ffff0ff0 DR7=00000400
CCS=00000008 CCD=0000693c CCO=ADDL
EFER=0000000000000000
SMM: after RSM
EAX=000000b5 EBX=00007e28 ECX=00005678 EDX=00000003
ESI=06fcb050 EDI=06ffec55 EBP=00006950 ESP=00006950
EIP=00007e28 EFL=00000006 [-----P-] CPL=0 II=0 A20=1 SMM=0 HLT=0
ES =d900 000d9000 ffffffff 00809300
CS =f000 000f0000 ffffffff 00809b00
SS =0000 00000000 ffffffff 00809300
DS =0000 00000000 ffffffff 00809300
FS =0000 00000000 ffffffff 00809300
GS =ca00 000ca000 ffffffff 00809300
LDT=0000 00000000 0000ffff 00008200
TR =0000 00000000 0000ffff 00008b00
GDT=     00000000 00000000
IDT=     00000000 000003ff
CR0=00000010 CR2=00000000 CR3=00000000 CR4=00000000
DR0=00000000 DR1=00000000 DR2=00000000 DR3=00000000 
DR6=ffff0ff0 DR7=00000400
CCS=00000004 CCD=00000001 CCO=EFLAGS
EFER=0000000000000000
SMM: enter
EAX=000000b5 EBX=000f7e0e ECX=00001234 EDX=000069ff
ESI=00006996 EDI=06ffec55 EBP=00006956 ESP=00006956
EIP=00007e0b EFL=00000006 [-----P-] CPL=0 II=0 A20=1 SMM=0 HLT=0
ES =d900 000d9000 ffffffff 00809300
CS =f000 000f0000 ffffffff 00809b00
SS =0000 00000000 ffffffff 00809300
DS =0000 00000000 ffffffff 00809300
FS =0000 00000000 ffffffff 00809300
GS =ca00 000ca000 ffffffff 00809300
LDT=0000 00000000 0000ffff 00008200
TR =0000 00000000 0000ffff 00008b00
GDT=     00000000 00000000
IDT=     00000000 000003ff
CR0=00000010 CR2=00000000 CR3=00000000 CR4=00000000
DR0=00000000 DR1=00000000 DR2=00000000 DR3=00000000 
DR6=ffff0ff0 DR7=00000400
CCS=00000000 CCD=00006956 CCO=ADDL
EFER=0000000000000000
SMM: after RSM
EAX=000000b5 EBX=000f7e0e ECX=00001234 EDX=000069ff
ESI=00006996 EDI=06ffec55 EBP=00006956 ESP=00006956
EIP=000f7e0e EFL=00000046 [---Z-P-] CPL=0 II=0 A20=1 SMM=0 HLT=0
ES =0010 00000000 ffffffff 00c09300 DPL=0 DS   [-WA]
CS =0008 00000000 ffffffff 00c09b00 DPL=0 CS32 [-RA]
SS =0010 00000000 ffffffff 00c09300 DPL=0 DS   [-WA]
DS =0010 00000000 ffffffff 00c09300 DPL=0 DS   [-WA]
FS =0010 00000000 ffffffff 00c09300 DPL=0 DS   [-WA]
GS =0010 00000000 ffffffff 00c09300 DPL=0 DS   [-WA]
LDT=0000 00000000 0000ffff 00008200 DPL=0 LDT
TR =0000 00000000 0000ffff 00008b00 DPL=0 TSS32-busy
GDT=     000f61e0 00000037
IDT=     000f621e 00000000
CR0=00000011 CR2=00000000 CR3=00000000 CR4=00000000
DR0=00000000 DR1=00000000 DR2=00000000 DR3=00000000 
DR6=ffff0ff0 DR7=00000400
CCS=00000044 CCD=00000000 CCO=EFLAGS
EFER=0000000000000000
SMM: enter
EAX=000000b5 EBX=00007e28 ECX=00005678 EDX=00000005
ESI=00000000 EDI=06ffec55 EBP=00006956 ESP=00006956
EIP=000f7e25 EFL=00000016 [----AP-] CPL=0 II=0 A20=1 SMM=0 HLT=0
ES =0010 00000000 ffffffff 00c09300 DPL=0 DS   [-WA]
CS =0008 00000000 ffffffff 00c09b00 DPL=0 CS32 [-RA]
SS =0010 00000000 ffffffff 00c09300 DPL=0 DS   [-WA]
DS =0010 00000000 ffffffff 00c09300 DPL=0 DS   [-WA]
FS =0010 00000000 ffffffff 00c09300 DPL=0 DS   [-WA]
GS =0010 00000000 ffffffff 00c09300 DPL=0 DS   [-WA]
LDT=0000 00000000 0000ffff 00008200 DPL=0 LDT
TR =0000 00000000 0000ffff 00008b00 DPL=0 TSS32-busy
GDT=     000f61e0 00000037
IDT=     000f621e 00000000
CR0=00000011 CR2=00000000 CR3=00000000 CR4=00000000
DR0=00000000 DR1=00000000 DR2=00000000 DR3=00000000 
DR6=ffff0ff0 DR7=00000400
CCS=00000008 CCD=00006942 CCO=ADDL
EFER=0000000000000000
SMM: after RSM
EAX=000000b5 EBX=00007e28 ECX=00005678 EDX=00000005
ESI=00000000 EDI=06ffec55 EBP=00006956 ESP=00006956
EIP=00007e28 EFL=00000006 [-----P-] CPL=0 II=0 A20=1 SMM=0 HLT=0
ES =d900 000d9000 ffffffff 00809300
CS =f000 000f0000 ffffffff 00809b00
SS =0000 00000000 ffffffff 00809300
DS =0000 00000000 ffffffff 00809300
FS =0000 00000000 ffffffff 00809300
GS =ca00 000ca000 ffffffff 00809300
LDT=0000 00000000 0000ffff 00008200
TR =0000 00000000 0000ffff 00008b00
GDT=     00000000 00000000
IDT=     00000000 000003ff
CR0=00000010 CR2=00000000 CR3=00000000 CR4=00000000
DR0=00000000 DR1=00000000 DR2=00000000 DR3=00000000 
DR6=ffff0ff0 DR7=00000400
CCS=00000004 CCD=00000001 CCO=EFLAGS
EFER=0000000000000000
SMM: enter
EAX=000000b5 EBX=000f7e0e ECX=00001234 EDX=000069ff
ESI=00006990 EDI=06ffec55 EBP=00006950 ESP=00006950
EIP=00007e0b EFL=00000006 [-----P-] CPL=0 II=0 A20=1 SMM=0 HLT=0
ES =d900 000d9000 ffffffff 00809300
CS =f000 000f0000 ffffffff 00809b00
SS =0000 00000000 ffffffff 00809300
DS =0000 00000000 ffffffff 00809300
FS =0000 00000000 ffffffff 00809300
GS =ca00 000ca000 ffffffff 00809300
LDT=0000 00000000 0000ffff 00008200
TR =0000 00000000 0000ffff 00008b00
GDT=     00000000 00000000
IDT=     00000000 000003ff
CR0=00000010 CR2=00000000 CR3=00000000 CR4=00000000
DR0=00000000 DR1=00000000 DR2=00000000 DR3=00000000 
DR6=ffff0ff0 DR7=00000400
CCS=00000000 CCD=00006950 CCO=ADDL
EFER=0000000000000000
SMM: after RSM
EAX=000000b5 EBX=000f7e0e ECX=00001234 EDX=000069ff
ESI=00006990 EDI=06ffec55 EBP=00006950 ESP=00006950
EIP=000f7e0e EFL=00000046 [---Z-P-] CPL=0 II=0 A20=1 SMM=0 HLT=0
ES =0010 00000000 ffffffff 00c09300 DPL=0 DS   [-WA]
CS =0008 00000000 ffffffff 00c09b00 DPL=0 CS32 [-RA]
SS =0010 00000000 ffffffff 00c09300 DPL=0 DS   [-WA]
DS =0010 00000000 ffffffff 00c09300 DPL=0 DS   [-WA]
FS =0010 00000000 ffffffff 00c09300 DPL=0 DS   [-WA]
GS =0010 00000000 ffffffff 00c09300 DPL=0 DS   [-WA]
LDT=0000 00000000 0000ffff 00008200 DPL=0 LDT
TR =0000 00000000 0000ffff 00008b00 DPL=0 TSS32-busy
GDT=     000f61e0 00000037
IDT=     000f621e 00000000
CR0=00000011 CR2=00000000 CR3=00000000 CR4=00000000
DR0=00000000 DR1=00000000 DR2=00000000 DR3=00000000 
DR6=ffff0ff0 DR7=00000400
CCS=00000044 CCD=00000000 CCO=EFLAGS
EFER=0000000000000000
SMM: enter
EAX=000000b5 EBX=00007e28 ECX=00005678 EDX=00000003
ESI=06f0b050 EDI=06ffec55 EBP=00006950 ESP=00006950
EIP=000f7e25 EFL=00000006 [-----P-] CPL=0 II=0 A20=1 SMM=0 HLT=0
ES =0010 00000000 ffffffff 00c09300 DPL=0 DS   [-WA]
CS =0008 00000000 ffffffff 00c09b00 DPL=0 CS32 [-RA]
SS =0010 00000000 ffffffff 00c09300 DPL=0 DS   [-WA]
DS =0010 00000000 ffffffff 00c09300 DPL=0 DS   [-WA]
FS =0010 00000000 ffffffff 00c09300 DPL=0 DS   [-WA]
GS =0010 00000000 ffffffff 00c09300 DPL=0 DS   [-WA]
LDT=0000 00000000 0000ffff 00008200 DPL=0 LDT
TR =0000 00000000 0000ffff 00008b00 DPL=0 TSS32-busy
GDT=     000f61e0 00000037
IDT=     000f621e 00000000
CR0=00000011 CR2=00000000 CR3=00000000 CR4=00000000
DR0=00000000 DR1=00000000 DR2=00000000 DR3=00000000 
DR6=ffff0ff0 DR7=00000400
CCS=00000008 CCD=0000693c CCO=ADDL
EFER=0000000000000000
SMM: after RSM
EAX=000000b5 EBX=00007e28 ECX=00005678 EDX=00000003
ESI=06f0b050 EDI=06ffec55 EBP=00006950 ESP=00006950
EIP=00007e28 EFL=00000006 [-----P-] CPL=0 II=0 A20=1 SMM=0 HLT=0
ES =d900 000d9000 ffffffff 00809300
CS =f000 000f0000 ffffffff 00809b00
SS =0000 00000000 ffffffff 00809300
DS =0000 00000000 ffffffff 00809300
FS =0000 00000000 ffffffff 00809300
GS =ca00 000ca000 ffffffff 00809300
LDT=0000 00000000 0000ffff 00008200
TR =0000 00000000 0000ffff 00008b00
GDT=     00000000 00000000
IDT=     00000000 000003ff
CR0=00000010 CR2=00000000 CR3=00000000 CR4=00000000
DR0=00000000 DR1=00000000 DR2=00000000 DR3=00000000 
DR6=ffff0ff0 DR7=00000400
CCS=00000004 CCD=00000001 CCO=EFLAGS
EFER=0000000000000000
Servicing hardware INT=0x0e
Servicing hardware INT=0x0e
Servicing hardware INT=0x08
Servicing hardware INT=0x0e
Servicing hardware INT=0x0e
Servicing hardware INT=0x0e
Servicing hardware INT=0x0e
Servicing hardware INT=0x08
Servicing hardware INT=0x08
Servicing hardware INT=0x08
Servicing hardware INT=0x08
Servicing hardware INT=0x08
Servicing hardware INT=0x08
Servicing hardware INT=0x08
Servicing hardware INT=0x08
Servicing hardware INT=0x08
Servicing hardware INT=0x08
Servicing hardware INT=0x08
Servicing hardware INT=0x08
Servicing hardware INT=0x08
Servicing hardware INT=0x08
Servicing hardware INT=0x09
Servicing hardware INT=0x08
Servicing hardware INT=0x09
Servicing hardware INT=0x08
check_exception old: 0xffffffff new 0xe
     0: v=0e e=0005 i=0 cpl=3 IP=001b:00101c2d pc=00101c2d SP=0023:00106b14 CR2=00101c2d
EAX=00106b14 EBX=0013b648 ECX=fffffffc EDX=001006d0
ESI=36d76289 EDI=00119000 EBP=0013b648 ESP=00106b14
EIP=00101c2d EFL=00200206 [-----P-] CPL=3 II=0 A20=1 SMM=0 HLT=0
ES =0023 00000000 ffffffff 00fff300 DPL=3 DS   [-WA]
CS =001b 00000000 ffffffff 00fffa00 DPL=3 CS64 [-R-]
SS =0023 00000000 ffffffff 00fff300 DPL=3 DS   [-WA]
DS =0023 00000000 ffffffff 00fff300 DPL=3 DS   [-WA]
FS =0023 00000000 ffffffff 00fff300 DPL=3 DS   [-WA]
GS =0023 00000000 ffffffff 00fff300 DPL=3 DS   [-WA]
LDT=0000 00000000 0000ffff 00008200 DPL=0 LDT
TR =002b 00112160 0000006b 00008900 DPL=0 TSS32-avl
GDT=     001121e0 0000002f
IDT=     00112240 000007ff
CR0=80000011 CR2=00101c2d CR3=00114000 CR4=00000000
DR0=00000000 DR1=00000000 DR2=00000000 DR3=00000000 
DR6=ffff0ff0 DR7=00000400
CCS=00000004 CCD=0007fee8 CCO=EFLAGS
EFER=0000000000000000
Servicing hardware INT=0x20
     1: v=20 e=0000 i=0 cpl=0 IP=0008:00101234 pc=00101234 SP=0010:00139fa0 env->regs[R_EAX]=00000000
EAX=00000000 EBX=00139fb4 ECX=00000000 EDX=0000043d
ESI=36d76289 EDI=00119000 EBP=00139fa8 ESP=00139fa0
EIP=00101234 EFL=00200206 [-----P-] CPL=0 II=0 A20=1 SMM=0 HLT=0
ES =0010 00000000 ffffffff 00ff9300 DPL=0 DS   [-WA]
CS =0008 00000000 ffffffff 00ff9a00 DPL=0 CS64 [-R-]
SS =0010 00000000 ffffffff 00ff9300 DPL=0 DS   [-WA]
DS =0010 00000000 ffffffff 00ff9300 DPL=0 DS   [-WA]
FS =0010 00000000 ffffffff 00ff9300 DPL=0 DS   [-WA]
GS =0010 00000000 ffffffff 00ff9300 DPL=0 DS   [-WA]
LDT=0000 00000000 0000ffff 00008200 DPL=0 LDT
TR =002b 00112160 0000006b 00008900 DPL=0 TSS32-avl
GDT=     001121e0 0000002f
IDT=     00112240 000007ff
CR0=80000011 CR2=00101c2d CR3=00114000 CR4=00000000
DR0=00000000 DR1=00000000 DR2=00000000 DR3=00000000 
DR6=ffff0ff0 DR7=00000400
CCS=00000004 CCD=00139fa0 CCO=EFLAGS
EFER=0000000000000000
Servicing hardware INT=0x20
     2: v=20 e=0000 i=0 cpl=0 IP=0008:00101234 pc=00101234 SP=0010:00139fa0 env->regs[R_EAX]=00000000
EAX=00000000 EBX=00139fb4 ECX=00000000 EDX=0000043d
ESI=36d76289 EDI=00119000 EBP=00139fa8 ESP=00139fa0
EIP=00101234 EFL=00200206 [-----P-] CPL=0 II=0 A20=1 SMM=0 HLT=0
ES =0010 00000000 ffffffff 00ff9300 DPL=0 DS   [-WA]
CS =0008 00000000 ffffffff 00ff9a00 DPL=0 CS64 [-R-]
SS =0010 00000000 ffffffff 00ff9300 DPL=0 DS   [-WA]
DS =0010 00000000 ffffffff 00ff9300 DPL=0 DS   [-WA]
FS =0010 00000000 ffffffff 00ff9300 DPL=0 DS   [-WA]
GS =0010 00000000 ffffffff 00ff9300 DPL=0 DS   [-WA]
LDT=0000 00000000 0000ffff 00008200 DPL=0 LDT
TR =002b 00112160 0000006b 00008900 DPL=0 TSS32-avl
GDT=     001121e0 0000002f
IDT=     00112240 000007ff
CR0=80000011 CR2=00101c2d CR3=00114000 CR4=00000000
DR0=00000000 DR1=00000000 DR2=00000000 DR3=00000000 
DR6=ffff0ff0 DR7=00000400
CCS=00000004 CCD=00139f94 CCO=EFLAGS
EFER=0000000000000000
Servicing hardware INT=0x20
     3: v=20 e=0000 i=0 cpl=0 IP=0008:00101234 pc=00101234 SP=0010:00139fa0 env->regs[R_EAX]=00000000
EAX=00000000 EBX=00139fb4 ECX=00000000 EDX=0000043d
ESI=36d76289 EDI=00119000 EBP=00139fa8 ESP=00139fa0
EIP=00101234 EFL=00200206 [-----P-] CPL=0 II=0 A20=1 SMM=0 HLT=0
ES =0010 00000000 ffffffff 00ff9300 DPL=0 DS   [-WA]
CS =0008 00000000 ffffffff 00ff9a00 DPL=0 CS64 [-R-]
SS =0010 00000000 ffffffff 00ff9300 DPL=0 DS   [-WA]
DS =0010 00000000 ffffffff 00ff9300 DPL=0 DS   [-WA]
FS =0010 00000000 ffffffff 00ff9300 DPL=0 DS   [-WA]
GS =0010 00000000 ffffffff 00ff9300 DPL=0 DS   [-WA]
LDT=0000 00000000 0000ffff 00008200 DPL=0 LDT
TR =002b 00112160 0000006b 00008900 DPL=0 TSS32-avl
GDT=     001121e0 0000002f
IDT=     00112240 000007ff
CR0=80000011 CR2=00101c2d CR3=00114000 CR4=00000000
DR0=00000000 DR1=00000000 DR2=00000000 DR3=00000000 
DR6=ffff0ff0 DR7=00000400
CCS=00000004 CCD=00139f94 CCO=EFLAGS
EFER=0000000000000000
Servicing hardware INT=0x20
     4: v=20 e=0000 i=0 cpl=0 IP=0008:00101234 pc=00101234 SP=0010:00139fa0 env->regs[R_EAX]=00000000
EAX=00000000 EBX=00139fb4 ECX=00000000 EDX=0000043d
ESI=36d76289 EDI=00119000 EBP=00139fa8 ESP=00139fa0
EIP=00101234 EFL=00200206 [-----P-] CPL=0 II=0 A20=1 SMM=0 HLT=0
ES =0010 00000000 ffffffff 00ff9300 DPL=0 DS   [-WA]
CS =0008 00000000 ffffffff 00ff9a00 DPL=0 CS64 [-R-]
SS =0010 00000000 ffffffff 00ff9300 DPL=0 DS   [-WA]
DS =0010 00000000 ffffffff 00ff9300 DPL=0 DS   [-WA]
FS =0010 00000000 ffffffff 00ff9300 DPL=0 DS   [-WA]
GS =0010 00000000 ffffffff 00ff9300 DPL=0 DS   [-WA]
LDT=0000 00000000 0000ffff 00008200 DPL=0 LDT
TR =002b 00112160 0000006b 00008900 DPL=0 TSS32-avl
GDT=     001121e0 0000002f
IDT=     00112240 000007ff
CR0=80000011 CR2=00101c2d CR3=00114000 CR4=00000000
DR0=00000000 DR1=00000000 DR2=00000000 DR3=00000000 
DR6=ffff0ff0 DR7=00000400
CCS=00000004 CCD=00139f94 CCO=EFLAGS
EFER=0000000000000000
Servicing hardware INT=0x20
     5: v=20 e=0000 i=0 cpl=0 IP=0008:00101234 pc=00101234 SP=0010:00139fa0 env->regs[R_EAX]=00000000
EAX=00000000 EBX=00139fb4 ECX=00000000 EDX=0000043d
ESI=36d76289 EDI=00119000 EBP=00139fa8 ESP=00139fa0
EIP=00101234 EFL=00200206 [-----P-] CPL=0 II=0 A20=1 SMM=0 HLT=0
ES =0010 00000000 ffffffff 00ff9300 DPL=0 DS   [-WA]
CS =0008 00000000 ffffffff 00ff9a00 DPL=0 CS64 [-R-]
SS =0010 00000000 ffffffff 00ff9300 DPL=0 DS   [-WA]
DS =0010 00000000 ffffffff 00ff9300 DPL=0 DS   [-WA]
FS =0010 00000000 ffffffff 00ff9300 DPL=0 DS   [-WA]
GS =0010 00000000 ffffffff 00ff9300 DPL=0 DS   [-WA]
LDT=0000 00000000 0000ffff 00008200 DPL=0 LDT
TR =002b 00112160 0000006b 00008900 DPL=0 TSS32-avl
GDT=     001121e0 0000002f
IDT=     00112240 000007ff
CR0=80000011 CR2=00101c2d CR3=00114000 CR4=00000000
DR0=00000000 DR1=00000000 DR2=00000000 DR3=00000000 
DR6=ffff0ff0 DR7=00000400
CCS=00000004 CCD=00139f94 CCO=EFLAGS
EFER=0000000000000000
Servicing hardware INT=0x20
     6: v=20 e=0000 i=0 cpl=0 IP=0008:00101234 pc=00101234 SP=0010:00139fa0 env->regs[R_EAX]=00000000
EAX=00000000 EBX=00139fb4 ECX=00000000 EDX=0000043d
ESI=36d76289 EDI=00119000 EBP=00139fa8 ESP=00139fa0
EIP=00101234 EFL=00200206 [-----P-] CPL=0 II=0 A20=1 SMM=0 HLT=0
ES =0010 00000000 ffffffff 00ff9300 DPL=0 DS   [-WA]
CS =0008 00000000 ffffffff 00ff9a00 DPL=0 CS64 [-R-]
SS =0010 00000000 ffffffff 00ff9300 DPL=0 DS   [-WA]
DS =0010 00000000 ffffffff 00ff9300 DPL=0 DS   [-WA]
FS =0010 00000000 ffffffff 00ff9300 DPL=0 DS   [-WA]
GS =0010 00000000 ffffffff 00ff9300 DPL=0 DS   [-WA]
LDT=0000 00000000 0000ffff 00008200 DPL=0 LDT
TR =002b 00112160 0000006b 00008900 DPL=0 TSS32-avl
GDT=     001121e0 0000002f
IDT=     00112240 000007ff
CR0=80000011 CR2=00101c2d CR3=00114000 CR4=00000000
DR0=00000000 DR1=00000000 DR2=00000000 DR3=00000000 
DR6=ffff0ff0 DR7=00000400
CCS=00000004 CCD=00139f94 CCO=EFLAGS
EFER=0000000000000000
Servicing hardware INT=0x20
     7: v=20 e=0000 i=0 cpl=0 IP=0008:00101234 pc=00101234 SP=0010:00139fa0 env->regs[R_EAX]=00000000
EAX=00000000 EBX=00139fb4 ECX=00000000 EDX=0000043d
ESI=36d76289 EDI=00119000 EBP=00139fa8 ESP=00139fa0
EIP=00101234 EFL=00200206 [-----P-] CPL=0 II=0 A20=1 SMM=0 HLT=0
ES =0010 00000000 ffffffff 00ff9300 DPL=0 DS   [-WA]
CS =0008 00000000 ffffffff 00ff9a00 DPL=0 CS64 [-R-]
SS =0010 00000000 ffffffff 00ff9300 DPL=0 DS   [-WA]
DS =0010 00000000 ffffffff 00ff9300 DPL=0 DS   [-WA]
FS =0010 00000000 ffffffff 00ff9300 DPL=0 DS   [-WA]
GS =0010 00000000 ffffffff 00ff9300 DPL=0 DS   [-WA]
LDT=0000 00000000 0000ffff 00008200 DPL=0 LDT
TR =002b 00112160 0000006b 00008900 DPL=0 TSS32-avl
GDT=     001121e0 0000002f
IDT=     00112240 000007ff
CR0=80000011 CR2=00101c2d CR3=00114000 CR4=00000000
DR0=00000000 DR1=00000000 DR2=00000000 DR3=00000000 
DR6=ffff0ff0 DR7=00000400
CCS=00000004 CCD=00139f94 CCO=EFLAGS
EFER=0000000000000000
Servicing hardware INT=0x20
     8: v=20 e=0000 i=0 cpl=0 IP=0008:00101234 pc=00101234 SP=0010:00139fa0 env->regs[R_EAX]=00000000
EAX=00000000 EBX=00139fb4 ECX=00000000 EDX=0000043d
ESI=36d76289 EDI=00119000 EBP=00139fa8 ESP=00139fa0
EIP=00101234 EFL=00200206 [-----P-] CPL=0 II=0 A20=1 SMM=0 HLT=0
ES =0010 00000000 ffffffff 00ff9300 DPL=0 DS   [-WA]
CS =0008 00000000 ffffffff 00ff9a00 DPL=0 CS64 [-R-]
SS =0010 00000000 ffffffff 00ff9300 DPL=0 DS   [-WA]
DS =0010 00000000 ffffffff 00ff9300 DPL=0 DS   [-WA]
FS =0010 00000000 ffffffff 00ff9300 DPL=0 DS   [-WA]
GS =0010 00000000 ffffffff 00ff9300 DPL=0 DS   [-WA]
LDT=0000 00000000 0000ffff 00008200 DPL=0 LDT
TR =002b 00112160 0000006b 00008900 DPL=0 TSS32-avl
GDT=     001121e0 0000002f
IDT=     00112240 000007ff
CR0=80000011 CR2=00101c2d CR3=00114000 CR4=00000000
DR0=00000000 DR1=00000000 DR2=00000000 DR3=00000000 
DR6=ffff0ff0 DR7=00000400
CCS=00000004 CCD=00139f94 CCO=EFLAGS
EFER=0000000000000000
Servicing hardware INT=0x20
     9: v=20 e=0000 i=0 cpl=0 IP=0008:00101234 pc=00101234 SP=0010:00139fa0 env->regs[R_EAX]=00000000
EAX=00000000 EBX=00139fb4 ECX=00000000 EDX=0000043d
ESI=36d76289 EDI=00119000 EBP=00139fa8 ESP=00139fa0
EIP=00101234 EFL=00200206 [-----P-] CPL=0 II=0 A20=1 SMM=0 HLT=0
ES =0010 00000000 ffffffff 00ff9300 DPL=0 DS   [-WA]
CS =0008 00000000 ffffffff 00ff9a00 DPL=0 CS64 [-R-]
SS =0010 00000000 ffffffff 00ff9300 DPL=0 DS   [-WA]
DS =0010 00000000 ffffffff 00ff9300 DPL=0 DS   [-WA]
FS =0010 00000000 ffffffff 00ff9300 DPL=0 DS   [-WA]
GS =0010 00000000 ffffffff 00ff9300 DPL=0 DS   [-WA]
LDT=0000 00000000 0000ffff 00008200 DPL=0 LDT
TR =002b 00112160 0000006b 00008900 DPL=0 TSS32-avl
GDT=     001121e0 0000002f
IDT=     00112240 000007ff
CR0=80000011 CR2=00101c2d CR3=00114000 CR4=00000000
DR0=00000000 DR1=00000000 DR2=00000000 DR3=00000000 
DR6=ffff0ff0 DR7=00000400
CCS=00000004 CCD=00139f94 CCO=EFLAGS
EFER=0000000000000000
Servicing hardware INT=0x20
    10: v=20 e=0000 i=0 cpl=0 IP=0008:00101234 pc=00101234 SP=0010:00139fa0 env->regs[R_EAX]=00000000
EAX=00000000 EBX=00139fb4 ECX=00000000 EDX=0000043d
ESI=36d76289 EDI=00119000 EBP=00139fa8 ESP=00139fa0
EIP=00101234 EFL=00200206 [-----P-] CPL=0 II=0 A20=1 SMM=0 HLT=0
ES =0010 00000000 ffffffff 00ff9300 DPL=0 DS   [-WA]
CS =0008 00000000 ffffffff 00ff9a00 DPL=0 CS64 [-R-]
SS =0010 00000000 ffffffff 00ff9300 DPL=0 DS   [-WA]
DS =0010 00000000 ffffffff 00ff9300 DPL=0 DS   [-WA]
FS =0010 00000000 ffffffff 00ff9300 DPL=0 DS   [-WA]
GS =0010 00000000 ffffffff 00ff9300 DPL=0 DS   [-WA]
LDT=0000 00000000 0000ffff 00008200 DPL=0 LDT
TR =002b 00112160 0000006b 00008900 DPL=0 TSS32-avl
GDT=     001121e0 0000002f
IDT=     00112240 000007ff
CR0=80000011 CR2=00101c2d CR3=00114000 CR4=00000000
DR0=00000000 DR1=00000000 DR2=00000000 DR3=00000000 
DR6=ffff0ff0 DR7=00000400
CCS=00000004 CCD=00139f94 CCO=EFLAGS
EFER=0000000000000000
Servicing hardware INT=0x20
    11: v=20 e=0000 i=0 cpl=0 IP=0008:00101234 pc=00101234 SP=0010:00139fa0 env->regs[R_EAX]=00000000
EAX=00000000 EBX=00139fb4 ECX=00000000 EDX=0000043d
ESI=36d76289 EDI=00119000 EBP=00139fa8 ESP=00139fa0
EIP=00101234 EFL=00200206 [-----P-] CPL=0 II=0 A20=1 SMM=0 HLT=0
ES =0010 00000000 ffffffff 00ff9300 DPL=0 DS   [-WA]
CS =0008 00000000 ffffffff 00ff9a00 DPL=0 CS64 [-R-]
SS =0010 00000000 ffffffff 00ff9300 DPL=0 DS   [-WA]
DS =0010 00000000 ffffffff 00ff9300 DPL=0 DS   [-WA]
FS =0010 00000000 ffffffff 00ff9300 DPL=0 DS   [-WA]
GS =0010 00000000 ffffffff 00ff9300 DPL=0 DS   [-WA]
LDT=0000 00000000 0000ffff 00008200 DPL=0 LDT
TR =002b 00112160 0000006b 00008900 DPL=0 TSS32-avl
GDT=     001121e0 0000002f
IDT=     00112240 000007ff
CR0=80000011 CR2=00101c2d CR3=00114000 CR4=00000000
DR0=00000000 DR1=00000000 DR2=00000000 DR3=00000000 
DR6=ffff0ff0 DR7=00000400
CCS=00000004 CCD=00139f94 CCO=EFLAGS
EFER=0000000000000000
Servicing hardware INT=0x20
    12: v=20 e=0000 i=0 cpl=0 IP=0008:00101234 pc=00101234 SP=0010:00139fa0 env->regs[R_EAX]=00000000
EAX=00000000 EBX=00139fb4 ECX=00000000 EDX=0000043d
ESI=36d76289 EDI=00119000 EBP=00139fa8 ESP=00139fa0
EIP=00101234 EFL=00200206 [-----P-] CPL=0 II=0 A20=1 SMM=0 HLT=0
ES =0010 00000000 ffffffff 00ff9300 DPL=0 DS   [-WA]
CS =0008 00000000 ffffffff 00ff9a00 DPL=0 CS64 [-R-]
SS =0010 00000000 ffffffff 00ff9300 DPL=0 DS   [-WA]
DS =0010 00000000 ffffffff 00ff9300 DPL=0 DS   [-WA]
FS =0010 00000000 ffffffff 00ff9300 DPL=0 DS   [-WA]
GS =0010 00000000 ffffffff 00ff9300 DPL=0 DS   [-WA]
LDT=0000 00000000 0000ffff 00008200 DPL=0 LDT
TR =002b 00112160 0000006b 00008900 DPL=0 TSS32-avl
GDT=     001121e0 0000002f
IDT=     00112240 000007ff
CR0=80000011 CR2=00101c2d CR3=00114000 CR4=00000000
DR0=00000000 DR1=00000000 DR2=00000000 DR3=00000000 
DR6=ffff0ff0 DR7=00000400
CCS=00000004 CCD=00139f94 CCO=EFLAGS
EFER=0000000000000000
Servicing hardware INT=0x20
    13: v=20 e=0000 i=0 cpl=0 IP=0008:00101234 pc=00101234 SP=0010:00139fa0 env->regs[R_EAX]=00000000
EAX=00000000 EBX=00139fb4 ECX=00000000 EDX=0000043d
ESI=36d76289 EDI=00119000 EBP=00139fa8 ESP=00139fa0
EIP=00101234 EFL=00200206 [-----P-] CPL=0 II=0 A20=1 SMM=0 HLT=0
ES =0010 00000000 ffffffff 00ff9300 DPL=0 DS   [-WA]
CS =0008 00000000 ffffffff 00ff9a00 DPL=0 CS64 [-R-]
SS =0010 00000000 ffffffff 00ff9300 DPL=0 DS   [-WA]
DS =0010 00000000 ffffffff 00ff9300 DPL=0 DS   [-WA]
FS =0010 00000000 ffffffff 00ff9300 DPL=0 DS   [-WA]
GS =0010 00000000 ffffffff 00ff9300 DPL=0 DS   [-WA]
LDT=0000 00000000 0000ffff 00008200 DPL=0 LDT
TR =002b 00112160 0000006b 00008900 DPL=0 TSS32-avl
GDT=     001121e0 0000002f
IDT=     00112240 000007ff
CR0=80000011 CR2=00101c2d CR3=00114000 CR4=00000000
DR0=00000000 DR1=00000000 DR2=00000000 DR3=00000000 
DR6=ffff0ff0 DR7=00000400
CCS=00000004 CCD=00139f94 CCO=EFLAGS
EFER=0000000000000000
Servicing hardware INT=0x20
    14: v=20 e=0000 i=0 cpl=0 IP=0008:00101234 pc=00101234 SP=0010:00139fa0 env->regs[R_EAX]=00000000
EAX=00000000 EBX=00139fb4 ECX=00000000 EDX=0000043d
ESI=36d76289 EDI=00119000 EBP=00139fa8 ESP=00139fa0
EIP=00101234 EFL=00200206 [-----P-] CPL=0 II=0 A20=1 SMM=0 HLT=0
ES =0010 00000000 ffffffff 00ff9300 DPL=0 DS   [-WA]
CS =0008 00000000 ffffffff 00ff9a00 DPL=0 CS64 [-R-]
SS =0010 00000000 ffffffff 00ff9300 DPL=0 DS   [-WA]
DS =0010 00000000 ffffffff 00ff9300 DPL=0 DS   [-WA]
FS =0010 00000000 ffffffff 00ff9300 DPL=0 DS   [-WA]
GS =0010 00000000 ffffffff 00ff9300 DPL=0 DS   [-WA]
LDT=0000 00000000 0000ffff 00008200 DPL=0 LDT
TR =002b 00112160 0000006b 00008900 DPL=0 TSS32-avl
GDT=     001121e0 0000002f
IDT=     00112240 000007ff
CR0=80000011 CR2=00101c2d CR3=00114000 CR4=00000000
DR0=00000000 DR1=00000000 DR2=00000000 DR3=00000000 
DR6=ffff0ff0 DR7=00000400
CCS=00000004 CCD=00139f94 CCO=EFLAGS
EFER=0000000000000000
Servicing hardware INT=0x20
    15: v=20 e=0000 i=0 cpl=0 IP=0008:00101234 pc=00101234 SP=0010:00139fa0 env->regs[R_EAX]=00000000
EAX=00000000 EBX=00139fb4 ECX=00000000 EDX=0000043d
ESI=36d76289 EDI=00119000 EBP=00139fa8 ESP=00139fa0
EIP=00101234 EFL=00200206 [-----P-] CPL=0 II=0 A20=1 SMM=0 HLT=0
ES =0010 00000000 ffffffff 00ff9300 DPL=0 DS   [-WA]
CS =0008 00000000 ffffffff 00ff9a00 DPL=0 CS64 [-R-]
SS =0010 00000000 ffffffff 00ff9300 DPL=0 DS   [-WA]
DS =0010 00000000 ffffffff 00ff9300 DPL=0 DS   [-WA]
FS =0010 00000000 ffffffff 00ff9300 DPL=0 DS   [-WA]
GS =0010 00000000 ffffffff 00ff9300 DPL=0 DS   [-WA]
LDT=0000 00000000 0000ffff 00008200 DPL=0 LDT
TR =002b 00112160 0000006b 00008900 DPL=0 TSS32-avl
GDT=     001121e0 0000002f
IDT=     00112240 000007ff
CR0=80000011 CR2=00101c2d CR3=00114000 CR4=00000000
DR0=00000000 DR1=00000000 DR2=00000000 DR3=00000000 
DR6=ffff0ff0 DR7=00000400
CCS=00000004 CCD=00139f94 CCO=EFLAGS
EFER=0000000000000000
Servicing hardware INT=0x20
    16: v=20 e=0000 i=0 cpl=0 IP=0008:00101234 pc=00101234 SP=0010:00139fa0 env->regs[R_EAX]=00000000
EAX=00000000 EBX=00139fb4 ECX=00000000 EDX=0000043d
ESI=36d76289 EDI=00119000 EBP=00139fa8 ESP=00139fa0
EIP=00101234 EFL=00200206 [-----P-] CPL=0 II=0 A20=1 SMM=0 HLT=0
ES =0010 00000000 ffffffff 00ff9300 DPL=0 DS   [-WA]
CS =0008 00000000 ffffffff 00ff9a00 DPL=0 CS64 [-R-]
SS =0010 00000000 ffffffff 00ff9300 DPL=0 DS   [-WA]
DS =0010 00000000 ffffffff 00ff9300 DPL=0 DS   [-WA]
FS =0010 00000000 ffffffff 00ff9300 DPL=0 DS   [-WA]
GS =0010 00000000 ffffffff 00ff9300 DPL=0 DS   [-WA]
LDT=0000 00000000 0000ffff 00008200 DPL=0 LDT
TR =002b 00112160 0000006b 00008900 DPL=0 TSS32-avl
GDT=     001121e0 0000002f
IDT=     00112240 000007ff
CR0=80000011 CR2=00101c2d CR3=00114000 CR4=00000000
DR0=00000000 DR1=00000000 DR2=00000000 DR3=00000000 
DR6=ffff0ff0 DR7=00000400
CCS=00000004 CCD=00139f94 CCO=EFLAGS
EFER=0000000000000000
Servicing hardware INT=0x20
    17: v=20 e=0000 i=0 cpl=0 IP=0008:00101234 pc=00101234 SP=0010:00139fa0 env->regs[R_EAX]=00000000
EAX=00000000 EBX=00139fb4 ECX=00000000 EDX=0000043d
ESI=36d76289 EDI=00119000 EBP=00139fa8 ESP=00139fa0
EIP=00101234 EFL=00200206 [-----P-] CPL=0 II=0 A20=1 SMM=0 HLT=0
ES =0010 00000000 ffffffff 00ff9300 DPL=0 DS   [-WA]
CS =0008 00000000 ffffffff 00ff9a00 DPL=0 CS64 [-R-]
SS =0010 00000000 ffffffff 00ff9300 DPL=0 DS   [-WA]
DS =0010 00000000 ffffffff 00ff9300 DPL=0 DS   [-WA]
FS =0010 00000000 ffffffff 00ff9300 DPL=0 DS   [-WA]
GS =0010 00000000 ffffffff 00ff9300 DPL=0 DS   [-WA]
LDT=0000 00000000 0000ffff 00008200 DPL=0 LDT
TR =002b 00112160 0000006b 00008900 DPL=0 TSS32-avl
GDT=     001121e0 0000002f
IDT=     00112240 000007ff
CR0=80000011 CR2=00101c2d CR3=00114000 CR4=00000000
DR0=00000000 DR1=00000000 DR2=00000000 DR3=00000000 
DR6=ffff0ff0 DR7=00000400
CCS=00000004 CCD=00139f94 CCO=EFLAGS
EFER=0000000000000000
Servicing hardware INT=0x20
    18: v=20 e=0000 i=0 cpl=0 IP=0008:00101234 pc=00101234 SP=0010:00139fa0 env->regs[R_EAX]=00000000
EAX=00000000 EBX=00139fb4 ECX=00000000 EDX=0000043d
ESI=36d76289 EDI=00119000 EBP=00139fa8 ESP=00139fa0
EIP=00101234 EFL=00200206 [-----P-] CPL=0 II=0 A20=1 SMM=0 HLT=0
ES =0010 00000000 ffffffff 00ff9300 DPL=0 DS   [-WA]
CS =0008 00000000 ffffffff 00ff9a00 DPL=0 CS64 [-R-]
SS =0010 00000000 ffffffff 00ff9300 DPL=0 DS   [-WA]
DS =0010 00000000 ffffffff 00ff9300 DPL=0 DS   [-WA]
FS =0010 00000000 ffffffff 00ff9300 DPL=0 DS   [-WA]
GS =0010 00000000 ffffffff 00ff9300 DPL=0 DS   [-WA]
LDT=0000 00000000 0000ffff 00008200 DPL=0 LDT
TR =002b 00112160 0000006b 00008900 DPL=0 TSS32-avl
GDT=     001121e0 0000002f
IDT=     00112240 000007ff
CR0=80000011 CR2=00101c2d CR3=00114000 CR4=00000000
DR0=00000000 DR1=00000000 DR2=00000000 DR3=00000000 
DR6=ffff0ff0 DR7=00000400
CCS=00000004 CCD=00139f94 CCO=EFLAGS
EFER=0000000000000000
Servicing hardware INT=0x20
    19: v=20 e=0000 i=0 cpl=0 IP=0008:00101234 pc=00101234 SP=0010:00139fa0 env->regs[R_EAX]=00000000
EAX=00000000 EBX=00139fb4 ECX=00000000 EDX=0000043d
ESI=36d76289 EDI=00119000 EBP=00139fa8 ESP=00139fa0
EIP=00101234 EFL=00200206 [-----P-] CPL=0 II=0 A20=1 SMM=0 HLT=0
ES =0010 00000000 ffffffff 00ff9300 DPL=0 DS   [-WA]
CS =0008 00000000 ffffffff 00ff9a00 DPL=0 CS64 [-R-]
SS =0010 00000000 ffffffff 00ff9300 DPL=0 DS   [-WA]
DS =0010 00000000 ffffffff 00ff9300 DPL=0 DS   [-WA]
FS =0010 00000000 ffffffff 00ff9300 DPL=0 DS   [-WA]
GS =0010 00000000 ffffffff 00ff9300 DPL=0 DS   [-WA]
LDT=0000 00000000 0000ffff 00008200 DPL=0 LDT
TR =002b 00112160 0000006b 00008900 DPL=0 TSS32-avl
GDT=     001121e0 0000002f
IDT=     00112240 000007ff
CR0=80000011 CR2=00101c2d CR3=00114000 CR4=00000000
DR0=00000000 DR1=00000000 DR2=00000000 DR3=00000000 
DR6=ffff0ff0 DR7=00000400
CCS=00000004 CCD=00139f94 CCO=EFLAGS
EFER=0000000000000000
Servicing hardware INT=0x20
    20: v=20 e=0000 i=0 cpl=0 IP=0008:00101234 pc=00101234 SP=0010:00139fa0 env->regs[R_EAX]=00000000
EAX=00000000 EBX=00139fb4 ECX=00000000 EDX=0000043d
ESI=36d76289 EDI=00119000 EBP=00139fa8 ESP=00139fa0
EIP=00101234 EFL=00200206 [-----P-] CPL=0 II=0 A20=1 SMM=0 HLT=0
ES =0010 00000000 ffffffff 00ff9300 DPL=0 DS   [-WA]
CS =0008 00000000 ffffffff 00ff9a00 DPL=0 CS64 [-R-]
SS =0010 00000000 ffffffff 00ff9300 DPL=0 DS   [-WA]
DS =0010 00000000 ffffffff 00ff9300 DPL=0 DS   [-WA]
FS =0010 00000000 ffffffff 00ff9300 DPL=0 DS   [-WA]
GS =0010 00000000 ffffffff 00ff9300 DPL=0 DS   [-WA]
LDT=0000 00000000 0000ffff 00008200 DPL=0 LDT
TR =002b 00112160 0000006b 00008900 DPL=0 TSS32-avl
GDT=     001121e0 0000002f
IDT=     00112240 000007ff
CR0=80000011 CR2=00101c2d CR3=00114000 CR4=00000000
DR0=00000000 DR1=00000000 DR2=00000000 DR3=00000000 
DR6=ffff0ff0 DR7=00000400
CCS=00000004 CCD=00139f94 CCO=EFLAGS
EFER=0000000000000000
Servicing hardware INT=0x20
    21: v=20 e=0000 i=0 cpl=0 IP=0008:00101234 pc=00101234 SP=0010:00139fa0 env->regs[R_EAX]=00000000
EAX=00000000 EBX=00139fb4 ECX=00000000 EDX=0000043d
ESI=36d76289 EDI=00119000 EBP=00139fa8 ESP=00139fa0
EIP=00101234 EFL=00200206 [-----P-] CPL=0 II=0 A20=1 SMM=0 HLT=0
ES =0010 00000000 ffffffff 00ff9300 DPL=0 DS   [-WA]
CS =0008 00000000 ffffffff 00ff9a00 DPL=0 CS64 [-R-]
SS =0010 00000000 ffffffff 00ff9300 DPL=0 DS   [-WA]
DS =0010 00000000 ffffffff 00ff9300 DPL=0 DS   [-WA]
FS =0010 00000000 ffffffff 00ff9300 DPL=0 DS   [-WA]
GS =0010 00000000 ffffffff 00ff9300 DPL=0 DS   [-WA]
LDT=0000 00000000 0000ffff 00008200 DPL=0 LDT
TR =002b 00112160 0000006b 00008900 DPL=0 TSS32-avl
GDT=     001121e0 0000002f
IDT=     00112240 000007ff
CR0=80000011 CR2=00101c2d CR3=00114000 CR4=00000000
DR0=00000000 DR1=00000000 DR2=00000000 DR3=00000000 
DR6=ffff0ff0 DR7=00000400
CCS=00000004 CCD=00139f94 CCO=EFLAGS
EFER=0000000000000000
Servicing hardware INT=0x20
    22: v=20 e=0000 i=0 cpl=0 IP=0008:00101234 pc=00101234 SP=0010:00139fa0 env->regs[R_EAX]=00000000
EAX=00000000 EBX=00139fb4 ECX=00000000 EDX=0000043d
ESI=36d76289 EDI=00119000 EBP=00139fa8 ESP=00139fa0
EIP=00101234 EFL=00200206 [-----P-] CPL=0 II=0 A20=1 SMM=0 HLT=0
ES =0010 00000000 ffffffff 00ff9300 DPL=0 DS   [-WA]
CS =0008 00000000 ffffffff 00ff9a00 DPL=0 CS64 [-R-]
SS =0010 00000000 ffffffff 00ff9300 DPL=0 DS   [-WA]
DS =0010 00000000 ffffffff 00ff9300 DPL=0 DS   [-WA]
FS =0010 00000000 ffffffff 00ff9300 DPL=0 DS   [-WA]
GS =0010 00000000 ffffffff 00ff9300 DPL=0 DS   [-WA]
LDT=0000 00000000 0000ffff 00008200 DPL=0 LDT
TR =002b 00112160 0000006b 00008900 DPL=0 TSS32-avl
GDT=     001121e0 0000002f
IDT=     00112240 000007ff
CR0=80000011 CR2=00101c2d CR3=00114000 CR4=00000000
DR0=00000000 DR1=00000000 DR2=00000000 DR3=00000000 
DR6=ffff0ff0 DR7=00000400
CCS=00000004 CCD=00139f94 CCO=EFLAGS
EFER=0000000000000000
Servicing hardware INT=0x20
    23: v=20 e=0000 i=0 cpl=0 IP=0008:00101234 pc=00101234 SP=0010:00139fa0 env->regs[R_EAX]=00000000
EAX=00000000 EBX=00139fb4 ECX=00000000 EDX=0000043d
ESI=36d76289 EDI=00119000 EBP=00139fa8 ESP=00139fa0
EIP=00101234 EFL=00200206 [-----P-] CPL=0 II=0 A20=1 SMM=0 HLT=0
ES =0010 00000000 ffffffff 00ff9300 DPL=0 DS   [-WA]
CS =0008 00000000 ffffffff 00ff9a00 DPL=0 CS64 [-R-]
SS =0010 00000000 ffffffff 00ff9300 DPL=0 DS   [-WA]
DS =0010 00000000 ffffffff 00ff9300 DPL=0 DS   [-WA]
FS =0010 00000000 ffffffff 00ff9300 DPL=0 DS   [-WA]
GS =0010 00000000 ffffffff 00ff9300 DPL=0 DS   [-WA]
LDT=0000 00000000 0000ffff 00008200 DPL=0 LDT
TR =002b 00112160 0000006b 00008900 DPL=0 TSS32-avl
GDT=     001121e0 0000002f
IDT=     00112240 000007ff
CR0=80000011 CR2=00101c2d CR3=00114000 CR4=00000000
DR0=00000000 DR1=00000000 DR2=00000000 DR3=00000000 
DR6=ffff0ff0 DR7=00000400
CCS=00000004 CCD=00139f94 CCO=EFLAGS
EFER=0000000000000000
Servicing hardware INT=0x20
    24: v=20 e=0000 i=0 cpl=0 IP=0008:00101234 pc=00101234 SP=0010:00139fa0 env->regs[R_EAX]=00000000
EAX=00000000 EBX=00139fb4 ECX=00000000 EDX=0000043d
ESI=36d76289 EDI=00119000 EBP=00139fa8 ESP=00139fa0
EIP=00101234 EFL=00200206 [-----P-] CPL=0 II=0 A20=1 SMM=0 HLT=0
ES =0010 00000000 ffffffff 00ff9300 DPL=0 DS   [-WA]
CS =0008 00000000 ffffffff 00ff9a00 DPL=0 CS64 [-R-]
SS =0010 00000000 ffffffff 00ff9300 DPL=0 DS   [-WA]
DS =0010 00000000 ffffffff 00ff9300 DPL=0 DS   [-WA]
FS =0010 00000000 ffffffff 00ff9300 DPL=0 DS   [-WA]
GS =0010 00000000 ffffffff 00ff9300 DPL=0 DS   [-WA]
LDT=0000 00000000 0000ffff 00008200 DPL=0 LDT
TR =002b 00112160 0000006b 00008900 DPL=0 TSS32-avl
GDT=     001121e0 0000002f
IDT=     00112240 000007ff
CR0=80000011 CR2=00101c2d CR3=00114000 CR4=00000000
DR0=00000000 DR1=00000000 DR2=00000000 DR3=00000000 
DR6=ffff0ff0 DR7=00000400
CCS=00000004 CCD=00139f94 CCO=EFLAGS
EFER=0000000000000000
Servicing hardware INT=0x20
    25: v=20 e=0000 i=0 cpl=0 IP=0008:00101234 pc=00101234 SP=0010:00139fa0 env->regs[R_EAX]=00000000
EAX=00000000 EBX=00139fb4 ECX=00000000 EDX=0000043d
ESI=36d76289 EDI=00119000 EBP=00139fa8 ESP=00139fa0
EIP=00101234 EFL=00200206 [-----P-] CPL=0 II=0 A20=1 SMM=0 HLT=0
ES =0010 00000000 ffffffff 00ff9300 DPL=0 DS   [-WA]
CS =0008 00000000 ffffffff 00ff9a00 DPL=0 CS64 [-R-]
SS =0010 00000000 ffffffff 00ff9300 DPL=0 DS   [-WA]
DS =0010 00000000 ffffffff 00ff9300 DPL=0 DS   [-WA]
FS =0010 00000000 ffffffff 00ff9300 DPL=0 DS   [-WA]
GS =0010 00000000 ffffffff 00ff9300 DPL=0 DS   [-WA]
LDT=0000 00000000 0000ffff 00008200 DPL=0 LDT
TR =002b 00112160 0000006b 00008900 DPL=0 TSS32-avl
GDT=     001121e0 0000002f
IDT=     00112240 000007ff
CR0=80000011 CR2=00101c2d CR3=00114000 CR4=00000000
DR0=00000000 DR1=00000000 DR2=00000000 DR3=00000000 
DR6=ffff0ff0 DR7=00000400
CCS=00000004 CCD=00139f94 CCO=EFLAGS
EFER=0000000000000000
Servicing hardware INT=0x20
    26: v=20 e=0000 i=0 cpl=0 IP=0008:00101234 pc=00101234 SP=0010:00139fa0 env->regs[R_EAX]=00000000
EAX=00000000 EBX=00139fb4 ECX=00000000 EDX=0000043d
ESI=36d76289 EDI=00119000 EBP=00139fa8 ESP=00139fa0
EIP=00101234 EFL=00200206 [-----P-] CPL=0 II=0 A20=1 SMM=0 HLT=0
ES =0010 00000000 ffffffff 00ff9300 DPL=0 DS   [-WA]
CS =0008 00000000 ffffffff 00ff9a00 DPL=0 CS64 [-R-]
SS =0010 00000000 ffffffff 00ff9300 DPL=0 DS   [-WA]
DS =0010 00000000 ffffffff 00ff9300 DPL=0 DS   [-WA]
FS =0010 00000000 ffffffff 00ff9300 DPL=0 DS   [-WA]
GS =0010 00000000 ffffffff 00ff9300 DPL=0 DS   [-WA]
LDT=0000 00000000 0000ffff 00008200 DPL=0 LDT
TR =002b 00112160 0000006b 00008900 DPL=0 TSS32-avl
GDT=     001121e0 0000002f
IDT=     00112240 000007ff
CR0=80000011 CR2=00101c2d CR3=00114000 CR4=00000000
DR0=00000000 DR1=00000000 DR2=00000000 DR3=00000000 
DR6=ffff0ff0 DR7=00000400
CCS=00000004 CCD=00139f94 CCO=EFLAGS
EFER=0000000000000000
Servicing hardware INT=0x20
    27: v=20 e=0000 i=0 cpl=0 IP=0008:00101234 pc=00101234 SP=0010:00139fa0 env->regs[R_EAX]=00000000
EAX=00000000 EBX=00139fb4 ECX=00000000 EDX=0000043d
ESI=36d76289 EDI=00119000 EBP=00139fa8 ESP=00139fa0
EIP=00101234 EFL=00200206 [-----P-] CPL=0 II=0 A20=1 SMM=0 HLT=0
ES =0010 00000000 ffffffff 00ff9300 DPL=0 DS   [-WA]
CS =0008 00000000 ffffffff 00ff9a00 DPL=0 CS64 [-R-]
SS =0010 00000000 ffffffff 00ff9300 DPL=0 DS   [-WA]
DS =0010 00000000 ffffffff 00ff9300 DPL=0 DS   [-WA]
FS =0010 00000000 ffffffff 00ff9300 DPL=0 DS   [-WA]
GS =0010 00000000 ffffffff 00ff9300 DPL=0 DS   [-WA]
LDT=0000 00000000 0000ffff 00008200 DPL=0 LDT
TR =002b 00112160 0000006b 00008900 DPL=0 TSS32-avl
GDT=     001121e0 0000002f
IDT=     00112240 000007ff
CR0=80000011 CR2=00101c2d CR3=00114000 CR4=00000000
DR0=00000000 DR1=00000000 DR2=00000000 DR3=00000000 
DR6=ffff0ff0 DR7=00000400
CCS=00000004 CCD=00139f94 CCO=EFLAGS
EFER=0000000000000000
Servicing hardware INT=0x20
    28: v=20 e=0000 i=0 cpl=0 IP=0008:00101234 pc=00101234 SP=0010:00139fa0 env->regs[R_EAX]=00000000
EAX=00000000 EBX=00139fb4 ECX=00000000 EDX=0000043d
ESI=36d76289 EDI=00119000 EBP=00139fa8 ESP=00139fa0
EIP=00101234 EFL=00200206 [-----P-] CPL=0 II=0 A20=1 SMM=0 HLT=0
ES =0010 00000000 ffffffff 00ff9300 DPL=0 DS   [-WA]
CS =0008 00000000 ffffffff 00ff9a00 DPL=0 CS64 [-R-]
SS =0010 00000000 ffffffff 00ff9300 DPL=0 DS   [-WA]
DS =0010 00000000 ffffffff 00ff9300 DPL=0 DS   [-WA]
FS =0010 00000000 ffffffff 00ff9300 DPL=0 DS   [-WA]
GS =0010 00000000 ffffffff 00ff9300 DPL=0 DS   [-WA]
LDT=0000 00000000 0000ffff 00008200 DPL=0 LDT
TR =002b 00112160 0000006b 00008900 DPL=0 TSS32-avl
GDT=     001121e0 0000002f
IDT=     00112240 000007ff
CR0=80000011 CR2=00101c2d CR3=00114000 CR4=00000000
DR0=00000000 DR1=00000000 DR2=00000000 DR3=00000000 
DR6=ffff0ff0 DR7=00000400
CCS=00000004 CCD=00139f94 CCO=EFLAGS
EFER=0000000000000000
Servicing hardware INT=0x20
    29: v=20 e=0000 i=0 cpl=0 IP=0008:00101234 pc=00101234 SP=0010:00139fa0 env->regs[R_EAX]=00000000
EAX=00000000 EBX=00139fb4 ECX=00000000 EDX=0000043d
ESI=36d76289 EDI=00119000 EBP=00139fa8 ESP=00139fa0
EIP=00101234 EFL=00200206 [-----P-] CPL=0 II=0 A20=1 SMM=0 HLT=0
ES =0010 00000000 ffffffff 00ff9300 DPL=0 DS   [-WA]
CS =0008 00000000 ffffffff 00ff9a00 DPL=0 CS64 [-R-]
SS =0010 00000000 ffffffff 00ff9300 DPL=0 DS   [-WA]
DS =0010 00000000 ffffffff 00ff9300 DPL=0 DS   [-WA]
FS =0010 00000000 ffffffff 00ff9300 DPL=0 DS   [-WA]
GS =0010 00000000 ffffffff 00ff9300 DPL=0 DS   [-WA]
LDT=0000 00000000 0000ffff 00008200 DPL=0 LDT
TR =002b 00112160 0000006b 00008900 DPL=0 TSS32-avl
GDT=     001121e0 0000002f
IDT=     00112240 000007ff
CR0=80000011 CR2=00101c2d CR3=00114000 CR4=00000000
DR0=00000000 DR1=00000000 DR2=00000000 DR3=00000000 
DR6=ffff0ff0 DR7=00000400
CCS=00000004 CCD=00139f94 CCO=EFLAGS
EFER=0000000000000000
Servicing hardware INT=0x20
    30: v=20 e=0000 i=0 cpl=0 IP=0008:00101234 pc=00101234 SP=0010:00139fa0 env->regs[R_EAX]=00000000
EAX=00000000 EBX=00139fb4 ECX=00000000 EDX=0000043d
ESI=36d76289 EDI=00119000 EBP=00139fa8 ESP=00139fa0
EIP=00101234 EFL=00200206 [-----P-] CPL=0 II=0 A20=1 SMM=0 HLT=0
ES =0010 00000000 ffffffff 00ff9300 DPL=0 DS   [-WA]
CS =0008 00000000 ffffffff 00ff9a00 DPL=0 CS64 [-R-]
SS =0010 00000000 ffffffff 00ff9300 DPL=0 DS   [-WA]
DS =0010 00000000 ffffffff 00ff9300 DPL=0 DS   [-WA]
FS =0010 00000000 ffffffff 00ff9300 DPL=0 DS   [-WA]
GS =0010 00000000 ffffffff 00ff9300 DPL=0 DS   [-WA]
LDT=0000 00000000 0000ffff 00008200 DPL=0 LDT
TR =002b 00112160 0000006b 00008900 DPL=0 TSS32-avl
GDT=     001121e0 0000002f
IDT=     00112240 000007ff
CR0=80000011 CR2=00101c2d CR3=00114000 CR4=00000000
DR0=00000000 DR1=00000000 DR2=00000000 DR3=00000000 
DR6=ffff0ff0 DR7=00000400
CCS=00000004 CCD=00139f94 CCO=EFLAGS
EFER=0000000000000000
Servicing hardware INT=0x20
    31: v=20 e=0000 i=0 cpl=0 IP=0008:00101234 pc=00101234 SP=0010:00139fa0 env->regs[R_EAX]=00000000
EAX=00000000 EBX=00139fb4 ECX=00000000 EDX=0000043d
ESI=36d76289 EDI=00119000 EBP=00139fa8 ESP=00139fa0
EIP=00101234 EFL=00200206 [-----P-] CPL=0 II=0 A20=1 SMM=0 HLT=0
ES =0010 00000000 ffffffff 00ff9300 DPL=0 DS   [-WA]
CS =0008 00000000 ffffffff 00ff9a00 DPL=0 CS64 [-R-]
SS =0010 00000000 ffffffff 00ff9300 DPL=0 DS   [-WA]
DS =0010 00000000 ffffffff 00ff9300 DPL=0 DS   [-WA]
FS =0010 00000000 ffffffff 00ff9300 DPL=0 DS   [-WA]
GS =0010 00000000 ffffffff 00ff9300 DPL=0 DS   [-WA]
LDT=0000 00000000 0000ffff 00008200 DPL=0 LDT
TR =002b 00112160 0000006b 00008900 DPL=0 TSS32-avl
GDT=     001121e0 0000002f
IDT=     00112240 000007ff
CR0=80000011 CR2=00101c2d CR3=00114000 CR4=00000000
DR0=00000000 DR1=00000000 DR2=00000000 DR3=00000000 
DR6=ffff0ff0 DR7=00000400
CCS=00000004 CCD=00139f94 CCO=EFLAGS
EFER=0000000000000000
Servicing hardware INT=0x20
    32: v=20 e=0000 i=0 cpl=0 IP=0008:00101234 pc=00101234 SP=0010:00139fa0 env->regs[R_EAX]=00000000
EAX=00000000 EBX=00139fb4 ECX=00000000 EDX=0000043d
ESI=36d76289 EDI=00119000 EBP=00139fa8 ESP=00139fa0
EIP=00101234 EFL=00200206 [-----P-] CPL=0 II=0 A20=1 SMM=0 HLT=0
ES =0010 00000000 ffffffff 00ff9300 DPL=0 DS   [-WA]
CS =0008 00000000 ffffffff 00ff9a00 DPL=0 CS64 [-R-]
SS =0010 00000000 ffffffff 00ff9300 DPL=0 DS   [-WA]
DS =0010 00000000 ffffffff 00ff9300 DPL=0 DS   [-WA]
FS =0010 00000000 ffffffff 00ff9300 DPL=0 DS   [-WA]
GS =0010 00000000 ffffffff 00ff9300 DPL=0 DS   [-WA]
LDT=0000 00000000 0000ffff 00008200 DPL=0 LDT
TR =002b 00112160 0000006b 00008900 DPL=0 TSS32-avl
GDT=     001121e0 0000002f
IDT=     00112240 000007ff
CR0=80000011 CR2=00101c2d CR3=00114000 CR4=00000000
DR0=00000000 DR1=00000000 DR2=00000000 DR3=00000000 
DR6=ffff0ff0 DR7=00000400
CCS=00000004 CCD=00139f94 CCO=EFLAGS
EFER=0000000000000000
Servicing hardware INT=0x20
    33: v=20 e=0000 i=0 cpl=0 IP=0008:00101234 pc=00101234 SP=0010:00139fa0 env->regs[R_EAX]=00000000
EAX=00000000 EBX=00139fb4 ECX=00000000 EDX=0000043d
ESI=36d76289 EDI=00119000 EBP=00139fa8 ESP=00139fa0
EIP=00101234 EFL=00200206 [-----P-] CPL=0 II=0 A20=1 SMM=0 HLT=0
ES =0010 00000000 ffffffff 00ff9300 DPL=0 DS   [-WA]
CS =0008 00000000 ffffffff 00ff9a00 DPL=0 CS64 [-R-]
SS =0010 00000000 ffffffff 00ff9300 DPL=0 DS   [-WA]
DS =0010 00000000 ffffffff 00ff9300 DPL=0 DS   [-WA]
FS =0010 00000000 ffffffff 00ff9300 DPL=0 DS   [-WA]
GS =0010 00000000 ffffffff 00ff9300 DPL=0 DS   [-WA]
LDT=0000 00000000 0000ffff 00008200 DPL=0 LDT
TR =002b 00112160 0000006b 00008900 DPL=0 TSS32-avl
GDT=     001121e0 0000002f
IDT=     00112240 000007ff
CR0=80000011 CR2=00101c2d CR3=00114000 CR4=00000000
DR0=00000000 DR1=00000000 DR2=00000000 DR3=00000000 
DR6=ffff0ff0 DR7=00000400
CCS=00000004 CCD=00139f94 CCO=EFLAGS
EFER=0000000000000000
Servicing hardware INT=0x20
    34: v=20 e=0000 i=0 cpl=0 IP=0008:00101234 pc=00101234 SP=0010:00139fa0 env->regs[R_EAX]=00000000
EAX=00000000 EBX=00139fb4 ECX=00000000 EDX=0000043d
ESI=36d76289 EDI=00119000 EBP=00139fa8 ESP=00139fa0
EIP=00101234 EFL=00200206 [-----P-] CPL=0 II=0 A20=1 SMM=0 HLT=0
ES =0010 00000000 ffffffff 00ff9300 DPL=0 DS   [-WA]
CS =0008 00000000 ffffffff 00ff9a00 DPL=0 CS64 [-R-]
SS =0010 00000000 ffffffff 00ff9300 DPL=0 DS   [-WA]
DS =0010 00000000 ffffffff 00ff9300 DPL=0 DS   [-WA]
FS =0010 00000000 ffffffff 00ff9300 DPL=0 DS   [-WA]
GS =0010 00000000 ffffffff 00ff9300 DPL=0 DS   [-WA]
LDT=0000 00000000 0000ffff 00008200 DPL=0 LDT
TR =002b 00112160 0000006b 00008900 DPL=0 TSS32-avl
GDT=     001121e0 0000002f
IDT=     00112240 000007ff
CR0=80000011 CR2=00101c2d CR3=00114000 CR4=00000000
DR0=00000000 DR1=00000000 DR2=00000000 DR3=00000000 
DR6=ffff0ff0 DR7=00000400
CCS=00000004 CCD=00139f94 CCO=EFLAGS
EFER=0000000000000000
Servicing hardware INT=0x20
    35: v=20 e=0000 i=0 cpl=0 IP=0008:00101234 pc=00101234 SP=0010:00139fa0 env->regs[R_EAX]=00000000
EAX=00000000 EBX=00139fb4 ECX=00000000 EDX=0000043d
ESI=36d76289 EDI=00119000 EBP=00139fa8 ESP=00139fa0
EIP=00101234 EFL=00200206 [-----P-] CPL=0 II=0 A20=1 SMM=0 HLT=0
ES =0010 00000000 ffffffff 00ff9300 DPL=0 DS   [-WA]
CS =0008 00000000 ffffffff 00ff9a00 DPL=0 CS64 [-R-]
SS =0010 00000000 ffffffff 00ff9300 DPL=0 DS   [-WA]
DS =0010 00000000 ffffffff 00ff9300 DPL=0 DS   [-WA]
FS =0010 00000000 ffffffff 00ff9300 DPL=0 DS   [-WA]
GS =0010 00000000 ffffffff 00ff9300 DPL=0 DS   [-WA]
LDT=0000 00000000 0000ffff 00008200 DPL=0 LDT
TR =002b 00112160 0000006b 00008900 DPL=0 TSS32-avl
GDT=     001121e0 0000002f
IDT=     00112240 000007ff
CR0=80000011 CR2=00101c2d CR3=00114000 CR4=00000000
DR0=00000000 DR1=00000000 DR2=00000000 DR3=00000000 
DR6=ffff0ff0 DR7=00000400
CCS=00000004 CCD=00139f94 CCO=EFLAGS
EFER=0000000000000000
Servicing hardware INT=0x20
    36: v=20 e=0000 i=0 cpl=0 IP=0008:00101234 pc=00101234 SP=0010:00139fa0 env->regs[R_EAX]=00000000
EAX=00000000 EBX=00139fb4 ECX=00000000 EDX=0000043d
ESI=36d76289 EDI=00119000 EBP=00139fa8 ESP=00139fa0
EIP=00101234 EFL=00200206 [-----P-] CPL=0 II=0 A20=1 SMM=0 HLT=0
ES =0010 00000000 ffffffff 00ff9300 DPL=0 DS   [-WA]
CS =0008 00000000 ffffffff 00ff9a00 DPL=0 CS64 [-R-]
SS =0010 00000000 ffffffff 00ff9300 DPL=0 DS   [-WA]
DS =0010 00000000 ffffffff 00ff9300 DPL=0 DS   [-WA]
FS =0010 00000000 ffffffff 00ff9300 DPL=0 DS   [-WA]
GS =0010 00000000 ffffffff 00ff9300 DPL=0 DS   [-WA]
LDT=0000 00000000 0000ffff 00008200 DPL=0 LDT
TR =002b 00112160 0000006b 00008900 DPL=0 TSS32-avl
GDT=     001121e0 0000002f
IDT=     00112240 000007ff
CR0=80000011 CR2=00101c2d CR3=00114000 CR4=00000000
DR0=00000000 DR1=00000000 DR2=00000000 DR3=00000000 
DR6=ffff0ff0 DR7=00000400
CCS=00000004 CCD=00139f94 CCO=EFLAGS
EFER=0000000000000000
Servicing hardware INT=0x20
    37: v=20 e=0000 i=0 cpl=0 IP=0008:00101234 pc=00101234 SP=0010:00139fa0 env->regs[R_EAX]=00000000
EAX=00000000 EBX=00139fb4 ECX=00000000 EDX=0000043d
ESI=36d76289 EDI=00119000 EBP=00139fa8 ESP=00139fa0
EIP=00101234 EFL=00200206 [-----P-] CPL=0 II=0 A20=1 SMM=0 HLT=0
ES =0010 00000000 ffffffff 00ff9300 DPL=0 DS   [-WA]
CS =0008 00000000 ffffffff 00ff9a00 DPL=0 CS64 [-R-]
SS =0010 00000000 ffffffff 00ff9300 DPL=0 DS   [-WA]
DS =0010 00000000 ffffffff 00ff9300 DPL=0 DS   [-WA]
FS =0010 00000000 ffffffff 00ff9300 DPL=0 DS   [-WA]
GS =0010 00000000 ffffffff 00ff9300 DPL=0 DS   [-WA]
LDT=0000 00000000 0000ffff 00008200 DPL=0 LDT
TR =002b 00112160 0000006b 00008900 DPL=0 TSS32-avl
GDT=     001121e0 0000002f
IDT=     00112240 000007ff
CR0=80000011 CR2=00101c2d CR3=00114000 CR4=00000000
DR0=00000000 DR1=00000000 DR2=00000000 DR3=00000000 
DR6=ffff0ff0 DR7=00000400
CCS=00000004 CCD=00139f94 CCO=EFLAGS
EFER=0000000000000000
Servicing hardware INT=0x20
    38: v=20 e=0000 i=0 cpl=0 IP=0008:00101234 pc=00101234 SP=0010:00139fa0 env->regs[R_EAX]=00000000
EAX=00000000 EBX=00139fb4 ECX=00000000 EDX=0000043d
ESI=36d76289 EDI=00119000 EBP=00139fa8 ESP=00139fa0
EIP=00101234 EFL=00200206 [-----P-] CPL=0 II=0 A20=1 SMM=0 HLT=0
ES =0010 00000000 ffffffff 00ff9300 DPL=0 DS   [-WA]
CS =0008 00000000 ffffffff 00ff9a00 DPL=0 CS64 [-R-]
SS =0010 00000000 ffffffff 00ff9300 DPL=0 DS   [-WA]
DS =0010 00000000 ffffffff 00ff9300 DPL=0 DS   [-WA]
FS =0010 00000000 ffffffff 00ff9300 DPL=0 DS   [-WA]
GS =0010 00000000 ffffffff 00ff9300 DPL=0 DS   [-WA]
LDT=0000 00000000 0000ffff 00008200 DPL=0 LDT
TR =002b 00112160 0000006b 00008900 DPL=0 TSS32-avl
GDT=     001121e0 0000002f
IDT=     00112240 000007ff
CR0=80000011 CR2=00101c2d CR3=00114000 CR4=00000000
DR0=00000000 DR1=00000000 DR2=00000000 DR3=00000000 
DR6=ffff0ff0 DR7=00000400
CCS=00000004 CCD=00139f94 CCO=EFLAGS
EFER=0000000000000000
Servicing hardware INT=0x20
    39: v=20 e=0000 i=0 cpl=0 IP=0008:00101234 pc=00101234 SP=0010:00139fa0 env->regs[R_EAX]=00000000
EAX=00000000 EBX=00139fb4 ECX=00000000 EDX=0000043d
ESI=36d76289 EDI=00119000 EBP=00139fa8 ESP=00139fa0
EIP=00101234 EFL=00200206 [-----P-] CPL=0 II=0 A20=1 SMM=0 HLT=0
ES =0010 00000000 ffffffff 00ff9300 DPL=0 DS   [-WA]
CS =0008 00000000 ffffffff 00ff9a00 DPL=0 CS64 [-R-]
SS =0010 00000000 ffffffff 00ff9300 DPL=0 DS   [-WA]
DS =0010 00000000 ffffffff 00ff9300 DPL=0 DS   [-WA]
FS =0010 00000000 ffffffff 00ff9300 DPL=0 DS   [-WA]
GS =0010 00000000 ffffffff 00ff9300 DPL=0 DS   [-WA]
LDT=0000 00000000 0000ffff 00008200 DPL=0 LDT
TR =002b 00112160 0000006b 00008900 DPL=0 TSS32-avl
GDT=     001121e0 0000002f
IDT=     00112240 000007ff
CR0=80000011 CR2=00101c2d CR3=00114000 CR4=00000000
DR0=00000000 DR1=00000000 DR2=00000000 DR3=00000000 
DR6=ffff0ff0 DR7=00000400
CCS=00000004 CCD=00139f94 CCO=EFLAGS
EFER=0000000000000000
Servicing hardware INT=0x20
    40: v=20 e=0000 i=0 cpl=0 IP=0008:00101234 pc=00101234 SP=0010:00139fa0 env->regs[R_EAX]=00000000
EAX=00000000 EBX=00139fb4 ECX=00000000 EDX=0000043d
ESI=36d76289 EDI=00119000 EBP=00139fa8 ESP=00139fa0
EIP=00101234 EFL=00200206 [-----P-] CPL=0 II=0 A20=1 SMM=0 HLT=0
ES =0010 00000000 ffffffff 00ff9300 DPL=0 DS   [-WA]
CS =0008 00000000 ffffffff 00ff9a00 DPL=0 CS64 [-R-]
SS =0010 00000000 ffffffff 00ff9300 DPL=0 DS   [-WA]
DS =0010 00000000 ffffffff 00ff9300 DPL=0 DS   [-WA]
FS =0010 00000000 ffffffff 00ff9300 DPL=0 DS   [-WA]
GS =0010 00000000 ffffffff 00ff9300 DPL=0 DS   [-WA]
LDT=0000 00000000 0000ffff 00008200 DPL=0 LDT
TR =002b 00112160 0000006b 00008900 DPL=0 TSS32-avl
GDT=     001121e0 0000002f
IDT=     00112240 000007ff
CR0=80000011 CR2=00101c2d CR3=00114000 CR4=00000000
DR0=00000000 DR1=00000000 DR2=00000000 DR3=00000000 
DR6=ffff0ff0 DR7=00000400
CCS=00000004 CCD=00139f94 CCO=EFLAGS
EFER=0000000000000000
Servicing hardware INT=0x20
    41: v=20 e=0000 i=0 cpl=0 IP=0008:00101234 pc=00101234 SP=0010:00139fa0 env->regs[R_EAX]=00000000
EAX=00000000 EBX=00139fb4 ECX=00000000 EDX=0000043d
ESI=36d76289 EDI=00119000 EBP=00139fa8 ESP=00139fa0
EIP=00101234 EFL=00200206 [-----P-] CPL=0 II=0 A20=1 SMM=0 HLT=0
ES =0010 00000000 ffffffff 00ff9300 DPL=0 DS   [-WA]
CS =0008 00000000 ffffffff 00ff9a00 DPL=0 CS64 [-R-]
SS =0010 00000000 ffffffff 00ff9300 DPL=0 DS   [-WA]
DS =0010 00000000 ffffffff 00ff9300 DPL=0 DS   [-WA]
FS =0010 00000000 ffffffff 00ff9300 DPL=0 DS   [-WA]
GS =0010 00000000 ffffffff 00ff9300 DPL=0 DS   [-WA]
LDT=0000 00000000 0000ffff 00008200 DPL=0 LDT
TR =002b 00112160 0000006b 00008900 DPL=0 TSS32-avl
GDT=     001121e0 0000002f
IDT=     00112240 000007ff
CR0=80000011 CR2=00101c2d CR3=00114000 CR4=00000000
DR0=00000000 DR1=00000000 DR2=00000000 DR3=00000000 
DR6=ffff0ff0 DR7=00000400
CCS=00000004 CCD=00139f94 CCO=EFLAGS
EFER=0000000000000000
Servicing hardware INT=0x20
    42: v=20 e=0000 i=0 cpl=0 IP=0008:00101234 pc=00101234 SP=0010:00139fa0 env->regs[R_EAX]=00000000
EAX=00000000 EBX=00139fb4 ECX=00000000 EDX=0000043d
ESI=36d76289 EDI=00119000 EBP=00139fa8 ESP=00139fa0
EIP=00101234 EFL=00200206 [-----P-] CPL=0 II=0 A20=1 SMM=0 HLT=0
ES =0010 00000000 ffffffff 00ff9300 DPL=0 DS   [-WA]
CS =0008 00000000 ffffffff 00ff9a00 DPL=0 CS64 [-R-]
SS =0010 00000000 ffffffff 00ff9300 DPL=0 DS   [-WA]
DS =0010 00000000 ffffffff 00ff9300 DPL=0 DS   [-WA]
FS =0010 00000000 ffffffff 00ff9300 DPL=0 DS   [-WA]
GS =0010 00000000 ffffffff 00ff9300 DPL=0 DS   [-WA]
LDT=0000 00000000 0000ffff 00008200 DPL=0 LDT
TR =002b 00112160 0000006b 00008900 DPL=0 TSS32-avl
GDT=     001121e0 0000002f
IDT=     00112240 000007ff
CR0=80000011 CR2=00101c2d CR3=00114000 CR4=00000000
DR0=00000000 DR1=00000000 DR2=00000000 DR3=00000000 
DR6=ffff0ff0 DR7=00000400
CCS=00000004 CCD=00139f94 CCO=EFLAGS
EFER=0000000000000000
Servicing hardware INT=0x20
    43: v=20 e=0000 i=0 cpl=0 IP=0008:00101234 pc=00101234 SP=0010:00139fa0 env->regs[R_EAX]=00000000
EAX=00000000 EBX=00139fb4 ECX=00000000 EDX=0000043d
ESI=36d76289 EDI=00119000 EBP=00139fa8 ESP=00139fa0
EIP=00101234 EFL=00200206 [-----P-] CPL=0 II=0 A20=1 SMM=0 HLT=0
ES =0010 00000000 ffffffff 00ff9300 DPL=0 DS   [-WA]
CS =0008 00000000 ffffffff 00ff9a00 DPL=0 CS64 [-R-]
SS =0010 00000000 ffffffff 00ff9300 DPL=0 DS   [-WA]
DS =0010 00000000 ffffffff 00ff9300 DPL=0 DS   [-WA]
FS =0010 00000000 ffffffff 00ff9300 DPL=0 DS   [-WA]
GS =0010 00000000 ffffffff 00ff9300 DPL=0 DS   [-WA]
LDT=0000 00000000 0000ffff 00008200 DPL=0 LDT
TR =002b 00112160 0000006b 00008900 DPL=0 TSS32-avl
GDT=     001121e0 0000002f
IDT=     00112240 000007ff
CR0=80000011 CR2=00101c2d CR3=00114000 CR4=00000000
DR0=00000000 DR1=00000000 DR2=00000000 DR3=00000000 
DR6=ffff0ff0 DR7=00000400
CCS=00000004 CCD=00139f94 CCO=EFLAGS
EFER=0000000000000000
Servicing hardware INT=0x20
    44: v=20 e=0000 i=0 cpl=0 IP=0008:00101234 pc=00101234 SP=0010:00139fa0 env->regs[R_EAX]=00000000
EAX=00000000 EBX=00139fb4 ECX=00000000 EDX=0000043d
ESI=36d76289 EDI=00119000 EBP=00139fa8 ESP=00139fa0
EIP=00101234 EFL=00200206 [-----P-] CPL=0 II=0 A20=1 SMM=0 HLT=0
ES =0010 00000000 ffffffff 00ff9300 DPL=0 DS   [-WA]
CS =0008 00000000 ffffffff 00ff9a00 DPL=0 CS64 [-R-]
SS =0010 00000000 ffffffff 00ff9300 DPL=0 DS   [-WA]
DS =0010 00000000 ffffffff 00ff9300 DPL=0 DS   [-WA]
FS =0010 00000000 ffffffff 00ff9300 DPL=0 DS   [-WA]
GS =0010 00000000 ffffffff 00ff9300 DPL=0 DS   [-WA]
LDT=0000 00000000 0000ffff 00008200 DPL=0 LDT
TR =002b 00112160 0000006b 00008900 DPL=0 TSS32-avl
GDT=     001121e0 0000002f
IDT=     00112240 000007ff
CR0=80000011 CR2=00101c2d CR3=00114000 CR4=00000000
DR0=00000000 DR1=00000000 DR2=00000000 DR3=00000000 
DR6=ffff0ff0 DR7=00000400
CCS=00000004 CCD=00139f94 CCO=EFLAGS
EFER=0000000000000000
Servicing hardware INT=0x20
    45: v=20 e=0000 i=0 cpl=0 IP=0008:00101234 pc=00101234 SP=0010:00139fa0 env->regs[R_EAX]=00000000
EAX=00000000 EBX=00139fb4 ECX=00000000 EDX=0000043d
ESI=36d76289 EDI=00119000 EBP=00139fa8 ESP=00139fa0
EIP=00101234 EFL=00200206 [-----P-] CPL=0 II=0 A20=1 SMM=0 HLT=0
ES =0010 00000000 ffffffff 00ff9300 DPL=0 DS   [-WA]
CS =0008 00000000 ffffffff 00ff9a00 DPL=0 CS64 [-R-]
SS =0010 00000000 ffffffff 00ff9300 DPL=0 DS   [-WA]
DS =0010 00000000 ffffffff 00ff9300 DPL=0 DS   [-WA]
FS =0010 00000000 ffffffff 00ff9300 DPL=0 DS   [-WA]
GS =0010 00000000 ffffffff 00ff9300 DPL=0 DS   [-WA]
LDT=0000 00000000 0000ffff 00008200 DPL=0 LDT
TR =002b 00112160 0000006b 00008900 DPL=0 TSS32-avl
GDT=     001121e0 0000002f
IDT=     00112240 000007ff
CR0=80000011 CR2=00101c2d CR3=00114000 CR4=00000000
DR0=00000000 DR1=00000000 DR2=00000000 DR3=00000000 
DR6=ffff0ff0 DR7=00000400
CCS=00000004 CCD=00139f94 CCO=EFLAGS
EFER=0000000000000000
Servicing hardware INT=0x20
    46: v=20 e=0000 i=0 cpl=0 IP=0008:00101234 pc=00101234 SP=0010:00139fa0 env->regs[R_EAX]=00000000
EAX=00000000 EBX=00139fb4 ECX=00000000 EDX=0000043d
ESI=36d76289 EDI=00119000 EBP=00139fa8 ESP=00139fa0
EIP=00101234 EFL=00200206 [-----P-] CPL=0 II=0 A20=1 SMM=0 HLT=0
ES =0010 00000000 ffffffff 00ff9300 DPL=0 DS   [-WA]
CS =0008 00000000 ffffffff 00ff9a00 DPL=0 CS64 [-R-]
SS =0010 00000000 ffffffff 00ff9300 DPL=0 DS   [-WA]
DS =0010 00000000 ffffffff 00ff9300 DPL=0 DS   [-WA]
FS =0010 00000000 ffffffff 00ff9300 DPL=0 DS   [-WA]
GS =0010 00000000 ffffffff 00ff9300 DPL=0 DS   [-WA]
LDT=0000 00000000 0000ffff 00008200 DPL=0 LDT
TR =002b 00112160 0000006b 00008900 DPL=0 TSS32-avl
GDT=     001121e0 0000002f
IDT=     00112240 000007ff
CR0=80000011 CR2=00101c2d CR3=00114000 CR4=00000000
DR0=00000000 DR1=00000000 DR2=00000000 DR3=00000000 
DR6=ffff0ff0 DR7=00000400
CCS=00000004 CCD=00139f94 CCO=EFLAGS
EFER=0000000000000000
Servicing hardware INT=0x20
    47: v=20 e=0000 i=0 cpl=0 IP=0008:00101234 pc=00101234 SP=0010:00139fa0 env->regs[R_EAX]=00000000
EAX=00000000 EBX=00139fb4 ECX=00000000 EDX=0000043d
ESI=36d76289 EDI=00119000 EBP=00139fa8 ESP=00139fa0
EIP=00101234 EFL=00200206 [-----P-] CPL=0 II=0 A20=1 SMM=0 HLT=0
ES =0010 00000000 ffffffff 00ff9300 DPL=0 DS   [-WA]
CS =0008 00000000 ffffffff 00ff9a00 DPL=0 CS64 [-R-]
SS =0010 00000000 ffffffff 00ff9300 DPL=0 DS   [-WA]
DS =0010 00000000 ffffffff 00ff9300 DPL=0 DS   [-WA]
FS =0010 00000000 ffffffff 00ff9300 DPL=0 DS   [-WA]
GS =0010 00000000 ffffffff 00ff9300 DPL=0 DS   [-WA]
LDT=0000 00000000 0000ffff 00008200 DPL=0 LDT
TR =002b 00112160 0000006b 00008900 DPL=0 TSS32-avl
GDT=     001121e0 0000002f
IDT=     00112240 000007ff
CR0=80000011 CR2=00101c2d CR3=00114000 CR4=00000000
DR0=00000000 DR1=00000000 DR2=00000000 DR3=00000000 
DR6=ffff0ff0 DR7=00000400
CCS=00000004 CCD=00139f94 CCO=EFLAGS
EFER=0000000000000000
Servicing hardware INT=0x20
    48: v=20 e=0000 i=0 cpl=0 IP=0008:00101234 pc=00101234 SP=0010:00139fa0 env->regs[R_EAX]=00000000
EAX=00000000 EBX=00139fb4 ECX=00000000 EDX=0000043d
ESI=36d76289 EDI=00119000 EBP=00139fa8 ESP=00139fa0
EIP=00101234 EFL=00200206 [-----P-] CPL=0 II=0 A20=1 SMM=0 HLT=0
ES =0010 00000000 ffffffff 00ff9300 DPL=0 DS   [-WA]
CS =0008 00000000 ffffffff 00ff9a00 DPL=0 CS64 [-R-]
SS =0010 00000000 ffffffff 00ff9300 DPL=0 DS   [-WA]
DS =0010 00000000 ffffffff 00ff9300 DPL=0 DS   [-WA]
FS =0010 00000000 ffffffff 00ff9300 DPL=0 DS   [-WA]
GS =0010 00000000 ffffffff 00ff9300 DPL=0 DS   [-WA]
LDT=0000 00000000 0000ffff 00008200 DPL=0 LDT
TR =002b 00112160 0000006b 00008900 DPL=0 TSS32-avl
GDT=     001121e0 0000002f
IDT=     00112240 000007ff
CR0=80000011 CR2=00101c2d CR3=00114000 CR4=00000000
DR0=00000000 DR1=00000000 DR2=00000000 DR3=00000000 
DR6=ffff0ff0 DR7=00000400
CCS=00000004 CCD=00139f94 CCO=EFLAGS
EFER=0000000000000000
Servicing hardware INT=0x20
    49: v=20 e=0000 i=0 cpl=0 IP=0008:00101234 pc=00101234 SP=0010:00139fa0 env->regs[R_EAX]=00000000
EAX=00000000 EBX=00139fb4 ECX=00000000 EDX=0000043d
ESI=36d76289 EDI=00119000 EBP=00139fa8 ESP=00139fa0
EIP=00101234 EFL=00200206 [-----P-] CPL=0 II=0 A20=1 SMM=0 HLT=0
ES =0010 00000000 ffffffff 00ff9300 DPL=0 DS   [-WA]
CS =0008 00000000 ffffffff 00ff9a00 DPL=0 CS64 [-R-]
SS =0010 00000000 ffffffff 00ff9300 DPL=0 DS   [-WA]
DS =0010 00000000 ffffffff 00ff9300 DPL=0 DS   [-WA]
FS =0010 00000000 ffffffff 00ff9300 DPL=0 DS   [-WA]
GS =0010 00000000 ffffffff 00ff9300 DPL=0 DS   [-WA]
LDT=0000 00000000 0000ffff 00008200 DPL=0 LDT
TR =002b 00112160 0000006b 00008900 DPL=0 TSS32-avl
GDT=     001121e0 0000002f
IDT=     00112240 000007ff
CR0=80000011 CR2=00101c2d CR3=00114000 CR4=00000000
DR0=00000000 DR1=00000000 DR2=00000000 DR3=00000000 
DR6=ffff0ff0 DR7=00000400
CCS=00000004 CCD=00139f94 CCO=EFLAGS
EFER=0000000000000000
